====================================================================
   i   j      r [au]   pdf: d(r)   rdf: g(r)   cn: n1(r)   cn: n2(r)
--------------------------------------------------------------------
   1   1      1.0000      0.0000      0.0000      0.0000      0.0000
   1   1      1.0100      0.0000      0.0000      0.0000      0.0000
   1   1      1.0200      0.0000      0.0000      0.0000      0.0000
   1   1      1.0300      0.0000      0.0000      0.0000      0.0000
   1   1      1.0400      0.0000      0.0000      0.0000      0.0000
   1   1      1.0500      0.0000      0.0000      0.0000      0.0000
   1   1      1.0600      0.0000      0.0000      0.0000      0.0000
   1   1      1.0700      0.0000      0.0000      0.0000      0.0000
   1   1      1.0800      0.0000      0.0000      0.0000      0.0000
   1   1      1.0900      0.0000      0.0000      0.0000      0.0000
   1   1      1.1000      0.0000      0.0000      0.0000      0.0000
   1   1      1.1100      0.0000      0.0000      0.0000      0.0000
   1   1      1.1200      0.0000      0.0000      0.0000      0.0000
   1   1      1.1300      0.0000      0.0000      0.0000      0.0000
   1   1      1.1400      0.0000      0.0000      0.0000      0.0000
   1   1      1.1500      0.0000      0.0000      0.0000      0.0000
   1   1      1.1600      0.0000      0.0000      0.0000      0.0000
   1   1      1.1700      0.0000      0.0000      0.0000      0.0000
   1   1      1.1800      0.0000      0.0000      0.0000      0.0000
   1   1      1.1900      0.0000      0.0000      0.0000      0.0000
   1   1      1.2000      0.0000      0.0000      0.0000      0.0000
   1   1      1.2100      0.0000      0.0000      0.0000      0.0000
   1   1      1.2200      0.0000      0.0000      0.0000      0.0000
   1   1      1.2300      0.0000      0.0000      0.0000      0.0000
   1   1      1.2400      0.0000      0.0000      0.0000      0.0000
   1   1      1.2500      0.0000      0.0000      0.0000      0.0000
   1   1      1.2600      0.0000      0.0000      0.0000      0.0000
   1   1      1.2700      0.0000      0.0000      0.0000      0.0000
   1   1      1.2800      0.0000      0.0000      0.0000      0.0000
   1   1      1.2900      0.0000      0.0000      0.0000      0.0000
   1   1      1.3000      0.0000      0.0000      0.0000      0.0000
   1   1      1.3100      0.0000      0.0000      0.0000      0.0000
   1   1      1.3200      0.0000      0.0000      0.0000      0.0000
   1   1      1.3300      0.0000      0.0000      0.0000      0.0000
   1   1      1.3400      0.0000      0.0000      0.0000      0.0000
   1   1      1.3500      0.0000      0.0000      0.0000      0.0000
   1   1      1.3600      0.0000      0.0000      0.0000      0.0000
   1   1      1.3700      0.0000      0.0000      0.0000      0.0000
   1   1      1.3800      0.0000      0.0000      0.0000      0.0000
   1   1      1.3900      0.0000      0.0000      0.0000      0.0000
   1   1      1.4000      0.0000      0.0000      0.0000      0.0000
   1   1      1.4100      0.0000      0.0000      0.0000      0.0000
   1   1      1.4200      0.0000      0.0000      0.0000      0.0000
   1   1      1.4300      0.0000      0.0000      0.0000      0.0000
   1   1      1.4400      0.0000      0.0000      0.0000      0.0000
   1   1      1.4500      0.0000      0.0000      0.0000      0.0000
   1   1      1.4600      0.0000      0.0000      0.0000      0.0000
   1   1      1.4700      0.0000      0.0000      0.0000      0.0000
   1   1      1.4800      0.0000      0.0000      0.0000      0.0000
   1   1      1.4900      0.0000      0.0000      0.0000      0.0000
   1   1      1.5000      0.0000      0.0000      0.0000      0.0000
   1   1      1.5100      0.0000      0.0000      0.0000      0.0000
   1   1      1.5200      0.0000      0.0000      0.0000      0.0000
   1   1      1.5300      0.0000      0.0000      0.0000      0.0000
   1   1      1.5400      0.0000      0.0000      0.0000      0.0000
   1   1      1.5500      0.0000      0.0000      0.0000      0.0000
   1   1      1.5600      0.0000      0.0000      0.0000      0.0000
   1   1      1.5700      0.0000      0.0000      0.0000      0.0000
   1   1      1.5800      0.0000      0.0000      0.0000      0.0000
   1   1      1.5900      0.0000      0.0000      0.0000      0.0000
   1   1      1.6000      0.0000      0.0000      0.0000      0.0000
   1   1      1.6100      0.0000      0.0000      0.0000      0.0000
   1   1      1.6200      0.0000      0.0000      0.0000      0.0000
   1   1      1.6300      0.0000      0.0000      0.0000      0.0000
   1   1      1.6400      0.0000      0.0000      0.0000      0.0000
   1   1      1.6500      0.0000      0.0000      0.0000      0.0000
   1   1      1.6600      0.0000      0.0000      0.0000      0.0000
   1   1      1.6700      0.0000      0.0000      0.0000      0.0000
   1   1      1.6800      0.0000      0.0000      0.0000      0.0000
   1   1      1.6900      0.0000      0.0000      0.0000      0.0000
   1   1      1.7000      0.0001      0.0095      0.0001      0.0001
   1   1      1.7100      0.0001      0.0094      0.0001      0.0001
   1   1      1.7200      0.0004      0.0258      0.0002      0.0002
   1   1      1.7300      0.0008      0.0509      0.0005      0.0005
   1   1      1.7400      0.0015      0.0946      0.0011      0.0011
   1   1      1.7500      0.0030      0.1852      0.0021      0.0021
   1   1      1.7600      0.0060      0.3750      0.0043      0.0043
   1   1      1.7700      0.0108      0.6617      0.0082      0.0082
   1   1      1.7800      0.0186      1.1277      0.0149      0.0149
   1   1      1.7900      0.0320      1.9191      0.0264      0.0264
   1   1      1.8000      0.0498      2.9535      0.0444      0.0444
   1   1      1.8100      0.0707      4.1427      0.0698      0.0698
   1   1      1.8200      0.0895      5.1879      0.1020      0.1020
   1   1      1.8300      0.1207      6.9192      0.1454      0.1454
   1   1      1.8400      0.1510      8.5631      0.1998      0.1998
   1   1      1.8500      0.1822     10.2220      0.2654      0.2654
   1   1      1.8600      0.2078     11.5364      0.3402      0.3402
   1   1      1.8700      0.2357     12.9433      0.4250      0.4250
   1   1      1.8800      0.2486     13.5089      0.5145      0.5145
   1   1      1.8900      0.2603     13.9936      0.6082      0.6082
   1   1      1.9000      0.2642     14.0570      0.7033      0.7033
   1   1      1.9100      0.2584     13.6043      0.7964      0.7964
   1   1      1.9200      0.2422     12.6178      0.8835      0.8835
   1   1      1.9300      0.2264     11.6747      0.9651      0.9651
   1   1      1.9400      0.1988     10.1428      1.0366      1.0366
   1   1      1.9500      0.1762      8.8974      1.1000      1.1000
   1   1      1.9600      0.1531      7.6522      1.1551      1.1551
   1   1      1.9700      0.1268      6.2771      1.2008      1.2008
   1   1      1.9800      0.1064      5.2131      1.2391      1.2391
   1   1      1.9900      0.0846      4.1015      1.2695      1.2695
   1   1      2.0000      0.0669      3.2124      1.2936      1.2936
   1   1      2.0100      0.0532      2.5270      1.3128      1.3128
   1   1      2.0200      0.0419      1.9709      1.3278      1.3278
   1   1      2.0300      0.0314      1.4618      1.3391      1.3391
   1   1      2.0400      0.0237      1.0915      1.3477      1.3477
   1   1      2.0500      0.0177      0.8088      1.3540      1.3540
   1   1      2.0600      0.0130      0.5898      1.3587      1.3587
   1   1      2.0700      0.0091      0.4084      1.3620      1.3620
   1   1      2.0800      0.0072      0.3185      1.3646      1.3646
   1   1      2.0900      0.0049      0.2143      1.3663      1.3663
   1   1      2.1000      0.0036      0.1576      1.3676      1.3676
   1   1      2.1100      0.0026      0.1109      1.3686      1.3686
   1   1      2.1200      0.0017      0.0739      1.3692      1.3692
   1   1      2.1300      0.0016      0.0692      1.3698      1.3698
   1   1      2.1400      0.0013      0.0539      1.3702      1.3702
   1   1      2.1500      0.0009      0.0389      1.3706      1.3706
   1   1      2.1600      0.0005      0.0216      1.3708      1.3708
   1   1      2.1700      0.0002      0.0084      1.3708      1.3708
   1   1      2.1800      0.0003      0.0109      1.3709      1.3709
   1   1      2.1900      0.0002      0.0095      1.3710      1.3710
   1   1      2.2000      0.0003      0.0126      1.3711      1.3711
   1   1      2.2100      0.0003      0.0106      1.3712      1.3712
   1   1      2.2200      0.0002      0.0087      1.3713      1.3713
   1   1      2.2300      0.0000      0.0012      1.3713      1.3713
   1   1      2.2400      0.0000      0.0018      1.3713      1.3713
   1   1      2.2500      0.0001      0.0030      1.3714      1.3714
   1   1      2.2600      0.0001      0.0036      1.3714      1.3714
   1   1      2.2700      0.0001      0.0024      1.3714      1.3714
   1   1      2.2800      0.0000      0.0006      1.3714      1.3714
   1   1      2.2900      0.0000      0.0000      1.3714      1.3714
   1   1      2.3000      0.0000      0.0000      1.3714      1.3714
   1   1      2.3100      0.0000      0.0000      1.3714      1.3714
   1   1      2.3200      0.0000      0.0000      1.3714      1.3714
   1   1      2.3300      0.0000      0.0000      1.3714      1.3714
   1   1      2.3400      0.0000      0.0000      1.3714      1.3714
   1   1      2.3500      0.0000      0.0000      1.3714      1.3714
   1   1      2.3600      0.0000      0.0000      1.3714      1.3714
   1   1      2.3700      0.0000      0.0000      1.3714      1.3714
   1   1      2.3800      0.0000      0.0000      1.3714      1.3714
   1   1      2.3900      0.0000      0.0000      1.3714      1.3714
   1   1      2.4000      0.0000      0.0000      1.3714      1.3714
   1   1      2.4100      0.0000      0.0000      1.3714      1.3714
   1   1      2.4200      0.0000      0.0000      1.3714      1.3714
   1   1      2.4300      0.0000      0.0000      1.3714      1.3714
   1   1      2.4400      0.0000      0.0000      1.3714      1.3714
   1   1      2.4500      0.0000      0.0000      1.3714      1.3714
   1   1      2.4600      0.0000      0.0010      1.3714      1.3714
   1   1      2.4700      0.0002      0.0060      1.3715      1.3715
   1   1      2.4800      0.0002      0.0050      1.3716      1.3716
   1   1      2.4900      0.0002      0.0054      1.3716      1.3716
   1   1      2.5000      0.0002      0.0073      1.3717      1.3717
   1   1      2.5100      0.0003      0.0092      1.3718      1.3718
   1   1      2.5200      0.0003      0.0086      1.3719      1.3719
   1   1      2.5300      0.0003      0.0095      1.3720      1.3720
   1   1      2.5400      0.0003      0.0080      1.3721      1.3721
   1   1      2.5500      0.0005      0.0150      1.3723      1.3723
   1   1      2.5600      0.0004      0.0112      1.3725      1.3725
   1   1      2.5700      0.0008      0.0231      1.3727      1.3727
   1   1      2.5800      0.0007      0.0202      1.3730      1.3730
   1   1      2.5900      0.0007      0.0195      1.3732      1.3732
   1   1      2.6000      0.0011      0.0316      1.3736      1.3736
   1   1      2.6100      0.0011      0.0300      1.3740      1.3740
   1   1      2.6200      0.0012      0.0333      1.3745      1.3745
   1   1      2.6300      0.0018      0.0502      1.3751      1.3751
   1   1      2.6400      0.0019      0.0521      1.3758      1.3758
   1   1      2.6500      0.0021      0.0582      1.3765      1.3765
   1   1      2.6600      0.0026      0.0694      1.3775      1.3775
   1   1      2.6700      0.0027      0.0727      1.3784      1.3784
   1   1      2.6800      0.0031      0.0823      1.3795      1.3795
   1   1      2.6900      0.0037      0.0986      1.3809      1.3809
   1   1      2.7000      0.0044      0.1154      1.3825      1.3825
   1   1      2.7100      0.0040      0.1054      1.3839      1.3839
   1   1      2.7200      0.0048      0.1240      1.3856      1.3856
   1   1      2.7300      0.0053      0.1358      1.3875      1.3875
   1   1      2.7400      0.0060      0.1539      1.3897      1.3897
   1   1      2.7500      0.0081      0.2060      1.3926      1.3926
   1   1      2.7600      0.0093      0.2353      1.3960      1.3960
   1   1      2.7700      0.0105      0.2618      1.3997      1.3997
   1   1      2.7800      0.0124      0.3089      1.4042      1.4042
   1   1      2.7900      0.0135      0.3321      1.4091      1.4091
   1   1      2.8000      0.0167      0.4079      1.4151      1.4151
   1   1      2.8100      0.0189      0.4606      1.4219      1.4219
   1   1      2.8200      0.0221      0.5332      1.4298      1.4298
   1   1      2.8300      0.0230      0.5504      1.4381      1.4381
   1   1      2.8400      0.0272      0.6482      1.4479      1.4479
   1   1      2.8500      0.0305      0.7214      1.4589      1.4589
   1   1      2.8600      0.0367      0.8624      1.4721      1.4721
   1   1      2.8700      0.0408      0.9519      1.4868      1.4868
   1   1      2.8800      0.0450      1.0412      1.5030      1.5030
   1   1      2.8900      0.0483      1.1118      1.5204      1.5204
   1   1      2.9000      0.0533      1.2169      1.5396      1.5396
   1   1      2.9100      0.0616      1.3968      1.5617      1.5617
   1   1      2.9200      0.0665      1.4977      1.5857      1.5857
   1   1      2.9300      0.0707      1.5813      1.6111      1.6111
   1   1      2.9400      0.0752      1.6700      1.6382      1.6382
   1   1      2.9500      0.0809      1.7848      1.6673      1.6673
   1   1      2.9600      0.0868      1.9018      1.6985      1.6985
   1   1      2.9700      0.0945      2.0577      1.7325      1.7325
   1   1      2.9800      0.0996      2.1545      1.7684      1.7684
   1   1      2.9900      0.1018      2.1878      1.8051      1.8051
   1   1      3.0000      0.1087      2.3189      1.8442      1.8442
   1   1      3.0100      0.1090      2.3096      1.8834      1.8834
   1   1      3.0200      0.1119      2.3565      1.9237      1.9237
   1   1      3.0300      0.1153      2.4130      1.9652      1.9652
   1   1      3.0400      0.1168      2.4265      2.0073      2.0073
   1   1      3.0500      0.1208      2.4949      2.0508      2.0508
   1   1      3.0600      0.1232      2.5268      2.0951      2.0951
   1   1      3.0700      0.1246      2.5398      2.1400      2.1400
   1   1      3.0800      0.1247      2.5239      2.1849      2.1849
   1   1      3.0900      0.1269      2.5523      2.2305      2.2305
   1   1      3.1000      0.1243      2.4851      2.2753      2.2753
   1   1      3.1100      0.1202      2.3860      2.3186      2.3186
   1   1      3.1200      0.1171      2.3109      2.3607      2.3607
   1   1      3.1300      0.1183      2.3185      2.4033      2.4033
   1   1      3.1400      0.1157      2.2543      2.4450      2.4450
   1   1      3.1500      0.1122      2.1721      2.4854      2.4854
   1   1      3.1600      0.1084      2.0842      2.5244      2.5244
   1   1      3.1700      0.1044      1.9950      2.5620      2.5620
   1   1      3.1800      0.1020      1.9366      2.5987      2.5987
   1   1      3.1900      0.0973      1.8361      2.6337      2.6337
   1   1      3.2000      0.0964      1.8074      2.6684      2.6684
   1   1      3.2100      0.0930      1.7340      2.7019      2.7019
   1   1      3.2200      0.0878      1.6265      2.7335      2.7335
   1   1      3.2300      0.0858      1.5794      2.7644      2.7644
   1   1      3.2400      0.0781      1.4285      2.7925      2.7925
   1   1      3.2500      0.0802      1.4578      2.8213      2.8213
   1   1      3.2600      0.0740      1.3382      2.8480      2.8480
   1   1      3.2700      0.0734      1.3180      2.8744      2.8744
   1   1      3.2800      0.0670      1.1964      2.8985      2.8985
   1   1      3.2900      0.0643      1.1407      2.9217      2.9217
   1   1      3.3000      0.0621      1.0960      2.9441      2.9441
   1   1      3.3100      0.0595      1.0426      2.9655      2.9655
   1   1      3.3200      0.0584      1.0178      2.9865      2.9865
   1   1      3.3300      0.0564      0.9765      3.0068      3.0068
   1   1      3.3400      0.0526      0.9054      3.0257      3.0257
   1   1      3.3500      0.0529      0.9048      3.0448      3.0448
   1   1      3.3600      0.0525      0.8930      3.0637      3.0637
   1   1      3.3700      0.0517      0.8748      3.0823      3.0823
   1   1      3.3800      0.0480      0.8069      3.0996      3.0996
   1   1      3.3900      0.0452      0.7550      3.1158      3.1158
   1   1      3.4000      0.0468      0.7769      3.1327      3.1327
   1   1      3.4100      0.0442      0.7304      3.1486      3.1486
   1   1      3.4200      0.0415      0.6821      3.1635      3.1635
   1   1      3.4300      0.0404      0.6600      3.1781      3.1781
   1   1      3.4400      0.0385      0.6242      3.1919      3.1919
   1   1      3.4500      0.0362      0.5845      3.2050      3.2050
   1   1      3.4600      0.0374      0.5997      3.2184      3.2184
   1   1      3.4700      0.0334      0.5322      3.2304      3.2304
   1   1      3.4800      0.0328      0.5196      3.2422      3.2422
   1   1      3.4900      0.0314      0.4953      3.2535      3.2535
   1   1      3.5000      0.0310      0.4863      3.2647      3.2647
   1   1      3.5100      0.0286      0.4461      3.2750      3.2750
   1   1      3.5200      0.0270      0.4178      3.2847      3.2847
   1   1      3.5300      0.0268      0.4132      3.2944      3.2944
   1   1      3.5400      0.0251      0.3846      3.3034      3.3034
   1   1      3.5500      0.0244      0.3718      3.3122      3.3122
   1   1      3.5600      0.0244      0.3695      3.3210      3.3210
   1   1      3.5700      0.0231      0.3487      3.3293      3.3293
   1   1      3.5800      0.0234      0.3501      3.3377      3.3377
   1   1      3.5900      0.0206      0.3070      3.3451      3.3451
   1   1      3.6000      0.0197      0.2922      3.3522      3.3522
   1   1      3.6100      0.0202      0.2980      3.3595      3.3595
   1   1      3.6200      0.0185      0.2706      3.3661      3.3661
   1   1      3.6300      0.0174      0.2533      3.3724      3.3724
   1   1      3.6400      0.0190      0.2756      3.3792      3.3792
   1   1      3.6500      0.0194      0.2803      3.3862      3.3862
   1   1      3.6600      0.0188      0.2692      3.3930      3.3930
   1   1      3.6700      0.0193      0.2745      3.3999      3.3999
   1   1      3.6800      0.0191      0.2704      3.4068      3.4068
   1   1      3.6900      0.0191      0.2698      3.4137      3.4137
   1   1      3.7000      0.0190      0.2670      3.4205      3.4205
   1   1      3.7100      0.0195      0.2718      3.4275      3.4275
   1   1      3.7200      0.0207      0.2866      3.4350      3.4350
   1   1      3.7300      0.0214      0.2954      3.4427      3.4427
   1   1      3.7400      0.0219      0.3010      3.4506      3.4506
   1   1      3.7500      0.0221      0.3018      3.4585      3.4585
   1   1      3.7600      0.0225      0.3051      3.4666      3.4666
   1   1      3.7700      0.0236      0.3194      3.4751      3.4751
   1   1      3.7800      0.0259      0.3482      3.4845      3.4845
   1   1      3.7900      0.0282      0.3765      3.4946      3.4946
   1   1      3.8000      0.0287      0.3817      3.5049      3.5049
   1   1      3.8100      0.0312      0.4122      3.5161      3.5161
   1   1      3.8200      0.0333      0.4389      3.5281      3.5281
   1   1      3.8300      0.0358      0.4686      3.5410      3.5410
   1   1      3.8400      0.0375      0.4885      3.5545      3.5545
   1   1      3.8500      0.0383      0.4967      3.5683      3.5683
   1   1      3.8600      0.0396      0.5109      3.5826      3.5826
   1   1      3.8700      0.0424      0.5435      3.5979      3.5979
   1   1      3.8800      0.0442      0.5640      3.6138      3.6138
   1   1      3.8900      0.0477      0.6058      3.6310      3.6310
   1   1      3.9000      0.0493      0.6223      3.6487      3.6487
   1   1      3.9100      0.0529      0.6650      3.6678      3.6678
   1   1      3.9200      0.0568      0.7100      3.6882      3.6882
   1   1      3.9300      0.0616      0.7664      3.7104      3.7104
   1   1      3.9400      0.0640      0.7918      3.7334      3.7334
   1   1      3.9500      0.0656      0.8071      3.7570      3.7570
   1   1      3.9600      0.0699      0.8558      3.7822      3.7822
   1   1      3.9700      0.0685      0.8352      3.8069      3.8069
   1   1      3.9800      0.0706      0.8564      3.8323      3.8323
   1   1      3.9900      0.0720      0.8680      3.8582      3.8582
   1   1      4.0000      0.0795      0.9544      3.8868      3.8868
   1   1      4.0100      0.0799      0.9542      3.9156      3.9156
   1   1      4.0200      0.0849      1.0085      3.9461      3.9461
   1   1      4.0300      0.0860      1.0176      3.9771      3.9771
   1   1      4.0400      0.0876      1.0306      4.0086      4.0086
   1   1      4.0500      0.0906      1.0611      4.0413      4.0413
   1   1      4.0600      0.0921      1.0727      4.0744      4.0744
   1   1      4.0700      0.0956      1.1088      4.1088      4.1088
   1   1      4.0800      0.0980      1.1310      4.1441      4.1441
   1   1      4.0900      0.0983      1.1292      4.1795      4.1795
   1   1      4.1000      0.1032      1.1788      4.2167      4.2167
   1   1      4.1100      0.1040      1.1824      4.2541      4.2541
   1   1      4.1200      0.1047      1.1846      4.2918      4.2918
   1   1      4.1300      0.1049      1.1810      4.3296      4.3296
   1   1      4.1400      0.1056      1.1830      4.3676      4.3676
   1   1      4.1500      0.1096      1.2221      4.4070      4.4070
   1   1      4.1600      0.1108      1.2301      4.4469      4.4469
   1   1      4.1700      0.1102      1.2169      4.4866      4.4866
   1   1      4.1800      0.1121      1.2327      4.5270      4.5270
   1   1      4.1900      0.1111      1.2153      4.5670      4.5670
   1   1      4.2000      0.1123      1.2230      4.6074      4.6074
   1   1      4.2100      0.1071      1.1610      4.6460      4.6460
   1   1      4.2200      0.1100      1.1860      4.6856      4.6856
   1   1      4.2300      0.1087      1.1662      4.7247      4.7247
   1   1      4.2400      0.1080      1.1541      4.7636      4.7636
   1   1      4.2500      0.1108      1.1779      4.8034      4.8034
   1   1      4.2600      0.1075      1.1376      4.8421      4.8421
   1   1      4.2700      0.1098      1.1569      4.8817      4.8817
   1   1      4.2800      0.1094      1.1466      4.9210      4.9210
   1   1      4.2900      0.1073      1.1201      4.9597      4.9597
   1   1      4.3000      0.1093      1.1350      4.9990      4.9990
   1   1      4.3100      0.1084      1.1212      5.0381      5.0381
   1   1      4.3200      0.1068      1.0992      5.0765      5.0765
   1   1      4.3300      0.1068      1.0941      5.1150      5.1150
   1   1      4.3400      0.1054      1.0748      5.1529      5.1529
   1   1      4.3500      0.1026      1.0409      5.1898      5.1898
   1   1      4.3600      0.1046      1.0567      5.2275      5.2275
   1   1      4.3700      0.1036      1.0421      5.2648      5.2648
   1   1      4.3800      0.0990      0.9911      5.3004      5.3004
   1   1      4.3900      0.0991      0.9874      5.3361      5.3361
   1   1      4.4000      0.0983      0.9747      5.3715      5.3715
   1   1      4.4100      0.0977      0.9647      5.4066      5.4066
   1   1      4.4200      0.0947      0.9310      5.4407      5.4407
   1   1      4.4300      0.0895      0.8761      5.4730      5.4730
   1   1      4.4400      0.0889      0.8663      5.5050      5.5050
   1   1      4.4500      0.0886      0.8595      5.5369      5.5369
   1   1      4.4600      0.0862      0.8325      5.5679      5.5679
   1   1      4.4700      0.0817      0.7853      5.5973      5.5973
   1   1      4.4800      0.0790      0.7557      5.6257      5.6257
   1   1      4.4900      0.0785      0.7482      5.6540      5.6540
   1   1      4.5000      0.0768      0.7288      5.6817      5.6817
   1   1      4.5100      0.0752      0.7101      5.7088      5.7088
   1   1      4.5200      0.0709      0.6668      5.7343      5.7343
   1   1      4.5300      0.0680      0.6360      5.7588      5.7588
   1   1      4.5400      0.0652      0.6077      5.7822      5.7822
   1   1      4.5500      0.0635      0.5887      5.8051      5.8051
   1   1      4.5600      0.0601      0.5554      5.8267      5.8267
   1   1      4.5700      0.0610      0.5610      5.8487      5.8487
   1   1      4.5800      0.0568      0.5198      5.8691      5.8691
   1   1      4.5900      0.0546      0.4978      5.8888      5.8888
   1   1      4.6000      0.0539      0.4896      5.9082      5.9082
   1   1      4.6100      0.0507      0.4583      5.9265      5.9265
   1   1      4.6200      0.0507      0.4562      5.9447      5.9447
   1   1      4.6300      0.0510      0.4571      5.9631      5.9631
   1   1      4.6400      0.0473      0.4218      5.9801      5.9801
   1   1      4.6500      0.0467      0.4145      5.9969      5.9969
   1   1      4.6600      0.0471      0.4167      6.0139      6.0139
   1   1      4.6700      0.0461      0.4061      6.0305      6.0305
   1   1      4.6800      0.0445      0.3899      6.0465      6.0465
   1   1      4.6900      0.0450      0.3928      6.0627      6.0627
   1   1      4.7000      0.0441      0.3834      6.0785      6.0785
   1   1      4.7100      0.0476      0.4118      6.0957      6.0957
   1   1      4.7200      0.0479      0.4128      6.1129      6.1129
   1   1      4.7300      0.0470      0.4037      6.1298      6.1298
   1   1      4.7400      0.0495      0.4232      6.1477      6.1477
   1   1      4.7500      0.0449      0.3822      6.1638      6.1638
   1   1      4.7600      0.0456      0.3862      6.1802      6.1802
   1   1      4.7700      0.0498      0.4203      6.1981      6.1981
   1   1      4.7800      0.0513      0.4311      6.2166      6.2166
   1   1      4.7900      0.0513      0.4294      6.2351      6.2351
   1   1      4.8000      0.0528      0.4403      6.2541      6.2541
   1   1      4.8100      0.0575      0.4773      6.2748      6.2748
   1   1      4.8200      0.0587      0.4855      6.2959      6.2959
   1   1      4.8300      0.0614      0.5055      6.3180      6.3180
   1   1      4.8400      0.0633      0.5192      6.3408      6.3408
   1   1      4.8500      0.0668      0.5456      6.3649      6.3649
   1   1      4.8600      0.0651      0.5293      6.3883      6.3883
   1   1      4.8700      0.0675      0.5465      6.4126      6.4126
   1   1      4.8800      0.0724      0.5841      6.4387      6.4387
   1   1      4.8900      0.0705      0.5662      6.4641      6.4641
   1   1      4.9000      0.0747      0.5975      6.4910      6.4910
   1   1      4.9100      0.0755      0.6012      6.5181      6.5181
   1   1      4.9200      0.0815      0.6464      6.5475      6.5475
   1   1      4.9300      0.0883      0.6981      6.5793      6.5793
   1   1      4.9400      0.0874      0.6876      6.6107      6.6107
   1   1      4.9500      0.0895      0.7018      6.6430      6.6430
   1   1      4.9600      0.0885      0.6911      6.6748      6.6748
   1   1      4.9700      0.0876      0.6810      6.7064      6.7064
   1   1      4.9800      0.0895      0.6934      6.7386      6.7386
   1   1      4.9900      0.0867      0.6687      6.7698      6.7698
   1   1      5.0000      0.0887      0.6816      6.8017      6.8017
   1   1      5.0100      0.0964      0.7376      6.8365      6.8365
   1   1      5.0200      0.0963      0.7341      6.8711      6.8711
   1   1      5.0300      0.0962      0.7303      6.9058      6.9058
   1   1      5.0400      0.1001      0.7572      6.9418      6.9418
   1   1      5.0500      0.1005      0.7568      6.9780      6.9780
   1   1      5.0600      0.0982      0.7368      7.0133      7.0133
   1   1      5.0700      0.1070      0.7997      7.0519      7.0519
   1   1      5.0800      0.1006      0.7489      7.0881      7.0881
   1   1      5.0900      0.1039      0.7702      7.1255      7.1255
   1   1      5.1000      0.1001      0.7392      7.1616      7.1616
   1   1      5.1100      0.1015      0.7466      7.1981      7.1981
   1   1      5.1200      0.0962      0.7050      7.2327      7.2327
   1   1      5.1300      0.0929      0.6778      7.2662      7.2662
   1   1      5.1400      0.0886      0.6438      7.2981      7.2981
   1   1      5.1500      0.0900      0.6515      7.3304      7.3304
   1   1      5.1600      0.0830      0.5988      7.3603      7.3603
   1   1      5.1700      0.0853      0.6128      7.3910      7.3910
   1   1      5.1800      0.0827      0.5923      7.4208      7.4208
   1   1      5.1900      0.0832      0.5935      7.4508      7.4508
   1   1      5.2000      0.0799      0.5675      7.4795      7.4795
   1   1      5.2100      0.0797      0.5642      7.5083      7.5083
   1   1      5.2200      0.0790      0.5565      7.5367      7.5367
   1   1      5.2300      0.0791      0.5553      7.5651      7.5651
   1   1      5.2400      0.0731      0.5112      7.5915      7.5915
   1   1      5.2500      0.0724      0.5042      7.6175      7.6175
   1   1      5.2600      0.0686      0.4761      7.6422      7.6422
   1   1      5.2700      0.0730      0.5047      7.6685      7.6685
   1   1      5.2800      0.0744      0.5129      7.6953      7.6953
   1   1      5.2900      0.0740      0.5080      7.7219      7.7219
   1   1      5.3000      0.0709      0.4846      7.7474      7.7474
   1   1      5.3100      0.0672      0.4579      7.7716      7.7716
   1   1      5.3200      0.0637      0.4319      7.7945      7.7945
   1   1      5.3300      0.0623      0.4210      7.8170      7.8170
   1   1      5.3400      0.0585      0.3938      7.8380      7.8380
   1   1      5.3500      0.0561      0.3762      7.8582      7.8582
   1   1      5.3600      0.0549      0.3667      7.8779      7.8779
   1   1      5.3700      0.0535      0.3565      7.8972      7.8972
   1   1      5.3800      0.0554      0.3677      7.9172      7.9172
   1   1      5.3900      0.0550      0.3637      7.9370      7.9370
   1   1      5.4000      0.0544      0.3585      7.9566      7.9566
   1   1      5.4100      0.0557      0.3655      7.9766      7.9766
   1   1      5.4200      0.0574      0.3756      7.9973      7.9973
   1   1      5.4300      0.0541      0.3527      8.0168      8.0168
   1   1      5.4400      0.0537      0.3484      8.0361      8.0361
   1   1      5.4500      0.0556      0.3597      8.0561      8.0561
   1   1      5.4600      0.0544      0.3502      8.0757      8.0757
   1   1      5.4700      0.0533      0.3424      8.0949      8.0949
   1   1      5.4800      0.0539      0.3449      8.1143      8.1143
   1   1      5.4900      0.0545      0.3474      8.1340      8.1340
   1   1      5.5000      0.0542      0.3441      8.1535      8.1535
   1   1      5.5100      0.0561      0.3548      8.1737      8.1737
   1   1      5.5200      0.0562      0.3543      8.1939      8.1939
   1   1      5.5300      0.0580      0.3644      8.2148      8.2148
   1   1      5.5400      0.0604      0.3779      8.2365      8.2365
   1   1      5.5500      0.0613      0.3824      8.2586      8.2586
   1   1      5.5600      0.0632      0.3927      8.2814      8.2814
   1   1      5.5700      0.0676      0.4182      8.3057      8.3057
   1   1      5.5800      0.0702      0.4332      8.3310      8.3310
   1   1      5.5900      0.0741      0.4555      8.3576      8.3576
   1   1      5.6000      0.0766      0.4689      8.3852      8.3852
   1   1      5.6100      0.0798      0.4867      8.4139      8.4139
   1   1      5.6200      0.0815      0.4955      8.4433      8.4433
   1   1      5.6300      0.0827      0.5008      8.4730      8.4730
   1   1      5.6400      0.0870      0.5250      8.5043      8.5043
   1   1      5.6500      0.0903      0.5431      8.5368      8.5368
   1   1      5.6600      0.0926      0.5553      8.5702      8.5702
   1   1      5.6700      0.0965      0.5766      8.6049      8.6049
   1   1      5.6800      0.0998      0.5942      8.6408      8.6408
   1   1      5.6900      0.1036      0.6148      8.6781      8.6781
   1   1      5.7000      0.1073      0.6344      8.7168      8.7168
   1   1      5.7100      0.1107      0.6521      8.7566      8.7566
   1   1      5.7200      0.1165      0.6841      8.7986      8.7986
   1   1      5.7300      0.1182      0.6912      8.8411      8.8411
   1   1      5.7400      0.1221      0.7119      8.8851      8.8851
   1   1      5.7500      0.1294      0.7517      8.9317      8.9317
   1   1      5.7600      0.1335      0.7729      8.9797      8.9797
   1   1      5.7700      0.1365      0.7876      9.0289      9.0289
   1   1      5.7800      0.1412      0.8119      9.0797      9.0797
   1   1      5.7900      0.1446      0.8284      9.1318      9.1318
   1   1      5.8000      0.1459      0.8332      9.1843      9.1843
   1   1      5.8100      0.1525      0.8674      9.2392      9.2392
   1   1      5.8200      0.1507      0.8546      9.2935      9.2935
   1   1      5.8300      0.1495      0.8447      9.3473      9.3473
   1   1      5.8400      0.1570      0.8838      9.4038      9.4038
   1   1      5.8500      0.1582      0.8877      9.4607      9.4607
   1   1      5.8600      0.1636      0.9149      9.5196      9.5196
   1   1      5.8700      0.1667      0.9290      9.5796      9.5796
   1   1      5.8800      0.1693      0.9407      9.6406      9.6406
   1   1      5.8900      0.1785      0.9884      9.7049      9.7049
   1   1      5.9000      0.1763      0.9724      9.7683      9.7683
   1   1      5.9100      0.1758      0.9667      9.8316      9.8316
   1   1      5.9200      0.1774      0.9724      9.8955      9.8955
   1   1      5.9300      0.1814      0.9909      9.9608      9.9608
   1   1      5.9400      0.1853      1.0087     10.0275     10.0275
   1   1      5.9500      0.1821      0.9877     10.0931     10.0931
   1   1      5.9600      0.1776      0.9601     10.1570     10.1570
   1   1      5.9700      0.1877      1.0114     10.2246     10.2246
   1   1      5.9800      0.1864      1.0010     10.2917     10.2917
   1   1      5.9900      0.1853      0.9920     10.3584     10.3584
   1   1      6.0000      0.1840      0.9815     10.4246     10.4246
   1   1      6.0100      0.1838      0.9772     10.4908     10.4908
   1   1      6.0200      0.1814      0.9615     10.5561     10.5561
   1   1      6.0300      0.1854      0.9792     10.6228     10.6228
   1   1      6.0400      0.1828      0.9626     10.6886     10.6886
   1   1      6.0500      0.1854      0.9728     10.7554     10.7554
   1   1      6.0600      0.1825      0.9543     10.8211     10.8211
   1   1      6.0700      0.1807      0.9420     10.8861     10.8861
   1   1      6.0800      0.1803      0.9368     10.9510     10.9510
   1   1      6.0900      0.1814      0.9393     11.0163     11.0163
   1   1      6.1000      0.1844      0.9518     11.0827     11.0827
   1   1      6.1100      0.1896      0.9754     11.1510     11.1510
   1   1      6.1200      0.1851      0.9492     11.2176     11.2176
   1   1      6.1300      0.1826      0.9335     11.2834     11.2834
   1   1      6.1400      0.1783      0.9085     11.3476     11.3476
   1   1      6.1500      0.1831      0.9297     11.4135     11.4135
   1   1      6.1600      0.1834      0.9283     11.4795     11.4795
   1   1      6.1700      0.1750      0.8828     11.5425     11.5425
   1   1      6.1800      0.1748      0.8790     11.6054     11.6054
   1   1      6.1900      0.1743      0.8738     11.6682     11.6682
   1   1      6.2000      0.1749      0.8738     11.7311     11.7311
   1   1      6.2100      0.1739      0.8662     11.7938     11.7938
   1   1      6.2200      0.1729      0.8581     11.8560     11.8560
   1   1      6.2300      0.1717      0.8496     11.9178     11.9178
   1   1      6.2400      0.1703      0.8398     11.9791     11.9791
   1   1      6.2500      0.1687      0.8294     12.0398     12.0398
   1   1      6.2600      0.1691      0.8290     12.1007     12.1007
   1   1      6.2700      0.1662      0.8117     12.1605     12.1605
   1   1      6.2800      0.1663      0.8098     12.2204     12.2204
   1   1      6.2900      0.1690      0.8205     12.2812     12.2812
   1   1      6.3000      0.1696      0.8205     12.3423     12.3423
   1   1      6.3100      0.1628      0.7851     12.4009     12.4009
   1   1      6.3200      0.1668      0.8022     12.4609     12.4609
   1   1      6.3300      0.1682      0.8060     12.5215     12.5215
   1   1      6.3400      0.1706      0.8152     12.5829     12.5829
   1   1      6.3500      0.1697      0.8082     12.6440     12.6440
   1   1      6.3600      0.1702      0.8080     12.7053     12.7053
   1   1      6.3700      0.1757      0.8318     12.7685     12.7685
   1   1      6.3800      0.1773      0.8368     12.8324     12.8324
   1   1      6.3900      0.1759      0.8275     12.8957     12.8957
   1   1      6.4000      0.1725      0.8090     12.9578     12.9578
   1   1      6.4100      0.1771      0.8279     13.0216     13.0216
   1   1      6.4200      0.1763      0.8214     13.0850     13.0850
   1   1      6.4300      0.1759      0.8171     13.1484     13.1484
   1   1      6.4400      0.1780      0.8244     13.2124     13.2124
   1   1      6.4500      0.1820      0.8401     13.2779     13.2779
   1   1      6.4600      0.1823      0.8388     13.3436     13.3436
   1   1      6.4700      0.1872      0.8588     13.4109     13.4109
   1   1      6.4800      0.1870      0.8555     13.4783     13.4783
   1   1      6.4900      0.1868      0.8519     13.5455     13.5455
   1   1      6.5000      0.1879      0.8541     13.6132     13.6132
   1   1      6.5100      0.1893      0.8579     13.6813     13.6813
   1   1      6.5200      0.1935      0.8742     13.7510     13.7510
   1   1      6.5300      0.1943      0.8751     13.8209     13.8209
   1   1      6.5400      0.2005      0.9004     13.8931     13.8931
   1   1      6.5500      0.2016      0.9024     13.9657     13.9657
   1   1      6.5600      0.2019      0.9009     14.0384     14.0384
   1   1      6.5700      0.2065      0.9187     14.1127     14.1127
   1   1      6.5800      0.2116      0.9387     14.1889     14.1889
   1   1      6.5900      0.2125      0.9398     14.2654     14.2654
   1   1      6.6000      0.2152      0.9490     14.3429     14.3429
   1   1      6.6100      0.2193      0.9638     14.4218     14.4218
   1   1      6.6200      0.2176      0.9534     14.5001     14.5001
   1   1      6.6300      0.2183      0.9540     14.5787     14.5787
   1   1      6.6400      0.2249      0.9798     14.6597     14.6597
   1   1      6.6500      0.2286      0.9929     14.7420     14.7420
   1   1      6.6600      0.2320      1.0045     14.8255     14.8255
   1   1      6.6700      0.2324      1.0035     14.9092     14.9092
   1   1      6.6800      0.2438      1.0492     14.9969     14.9969
   1   1      6.6900      0.2498      1.0719     15.0869     15.0869
   1   1      6.7000      0.2552      1.0918     15.1787     15.1787
   1   1      6.7100      0.2586      1.1030     15.2718     15.2718
   1   1      6.7200      0.2597      1.1045     15.3653     15.3653
   1   1      6.7300      0.2599      1.1022     15.4589     15.4589
   1   1      6.7400      0.2632      1.1127     15.5536     15.5536
   1   1      6.7500      0.2647      1.1158     15.6489     15.6489
   1   1      6.7600      0.2664      1.1197     15.7448     15.7448
   1   1      6.7700      0.2667      1.1178     15.8409     15.8409
   1   1      6.7800      0.2632      1.0995     15.9356     15.9356
   1   1      6.7900      0.2719      1.1325     16.0335     16.0335
   1   1      6.8000      0.2729      1.1334     16.1317     16.1317
   1   1      6.8100      0.2759      1.1426     16.2310     16.2310
   1   1      6.8200      0.2766      1.1419     16.3306     16.3306
   1   1      6.8300      0.2787      1.1476     16.4310     16.4310
   1   1      6.8400      0.2826      1.1600     16.5327     16.5327
   1   1      6.8500      0.2807      1.1489     16.6337     16.6337
   1   1      6.8600      0.2878      1.1747     16.7374     16.7374
   1   1      6.8700      0.2926      1.1906     16.8427     16.8427
   1   1      6.8800      0.2973      1.2062     16.9497     16.9497
   1   1      6.8900      0.2936      1.1878     17.0554     17.0554
   1   1      6.9000      0.2996      1.2085     17.1633     17.1633
   1   1      6.9100      0.3013      1.2119     17.2717     17.2717
   1   1      6.9200      0.2949      1.1828     17.3779     17.3779
   1   1      6.9300      0.2989      1.1953     17.4855     17.4855
   1   1      6.9400      0.2948      1.1755     17.5916     17.5916
   1   1      6.9500      0.2970      1.1808     17.6985     17.6985
   1   1      6.9600      0.3005      1.1915     17.8067     17.8067
   1   1      6.9700      0.3007      1.1888     17.9150     17.9150
   1   1      6.9800      0.3067      1.2090     18.0254     18.0254
   1   1      6.9900      0.3058      1.2022     18.1355     18.1355
   1   1      7.0000      0.3047      1.1942     18.2452     18.2452
   1   1      7.0100      0.2983      1.1659     18.3526     18.3526
   1   1      7.0200      0.2989      1.1650     18.4602     18.4602
   1   1      7.0300      0.3011      1.1701     18.5686     18.5686
   1   1      7.0400      0.2987      1.1574     18.6761     18.6761
   1   1      7.0500      0.2962      1.1446     18.7827     18.7827
   1   1      7.0600      0.2994      1.1538     18.8905     18.8905
   1   1      7.0700      0.3007      1.1554     18.9988     18.9988
   1   1      7.0800      0.2980      1.1420     19.1061     19.1061
   1   1      7.0900      0.2963      1.1321     19.2128     19.2128
   1   1      7.1000      0.2943      1.1213     19.3187     19.3187
   1   1      7.1100      0.2994      1.1374     19.4265     19.4265
   1   1      7.1200      0.2948      1.1168     19.5326     19.5326
   1   1      7.1300      0.2916      1.1015     19.6376     19.6376
   1   1      7.1400      0.2954      1.1130     19.7439     19.7439
   1   1      7.1500      0.2965      1.1139     19.8507     19.8507
   1   1      7.1600      0.2919      1.0937     19.9558     19.9558
   1   1      7.1700      0.2909      1.0869     20.0605     20.0605
   1   1      7.1800      0.2893      1.0778     20.1646     20.1646
   1   1      7.1900      0.2891      1.0739     20.2687     20.2687
   1   1      7.2000      0.2868      1.0626     20.3720     20.3720
   1   1      7.2100      0.2895      1.0697     20.4762     20.4762
   1   1      7.2200      0.2857      1.0524     20.5790     20.5790
   1   1      7.2300      0.2847      1.0460     20.6815     20.6815
   1   1      7.2400      0.2842      1.0412     20.7838     20.7838
   1   1      7.2500      0.2758      1.0078     20.8831     20.8831
   1   1      7.2600      0.2732      0.9956     20.9815     20.9815
   1   1      7.2700      0.2763      1.0040     21.0809     21.0809
   1   1      7.2800      0.2786      1.0095     21.1812     21.1812
   1   1      7.2900      0.2723      0.9842     21.2793     21.2793
   1   1      7.3000      0.2683      0.9669     21.3759     21.3759
   1   1      7.3100      0.2601      0.9347     21.4695     21.4695
   1   1      7.3200      0.2686      0.9628     21.5662     21.5662
   1   1      7.3300      0.2616      0.9350     21.6603     21.6603
   1   1      7.3400      0.2613      0.9316     21.7544     21.7544
   1   1      7.3500      0.2565      0.9120     21.8468     21.8468
   1   1      7.3600      0.2603      0.9228     21.9405     21.9405
   1   1      7.3700      0.2592      0.9166     22.0338     22.0338
   1   1      7.3800      0.2541      0.8960     22.1253     22.1253
   1   1      7.3900      0.2567      0.9029     22.2177     22.2177
   1   1      7.4000      0.2557      0.8968     22.3097     22.3097
   1   1      7.4100      0.2571      0.8993     22.4023     22.4023
   1   1      7.4200      0.2598      0.9063     22.4958     22.4958
   1   1      7.4300      0.2574      0.8954     22.5885     22.5885
   1   1      7.4400      0.2565      0.8899     22.6808     22.6808
   1   1      7.4500      0.2538      0.8783     22.7722     22.7722
   1   1      7.4600      0.2489      0.8590     22.8618     22.8618
   1   1      7.4700      0.2557      0.8801     22.9539     22.9539
   1   1      7.4800      0.2533      0.8694     23.0450     23.0450
   1   1      7.4900      0.2512      0.8601     23.1355     23.1355
   1   1      7.5000      0.2496      0.8523     23.2253     23.2253
   1   1      7.5100      0.2492      0.8487     23.3151     23.3151
   1   1      7.5200      0.2537      0.8618     23.4064     23.4064
   1   1      7.5300      0.2591      0.8777     23.4997     23.4997
   1   1      7.5400      0.2657      0.8975     23.5953     23.5953
   1   1      7.5500      0.2649      0.8925     23.6907     23.6907
   1   1      7.5600      0.2638      0.8866     23.7857     23.7857
   1   1      7.5700      0.2639      0.8844     23.8807     23.8807
   1   1      7.5800      0.2620      0.8758     23.9750     23.9750
   1   1      7.5900      0.2643      0.8811     24.0702     24.0702
   1   1      7.6000      0.2720      0.9044     24.1681     24.1681
   1   1      7.6100      0.2730      0.9055     24.2664     24.2664
   1   1      7.6200      0.2787      0.9217     24.3667     24.3667
   1   1      7.6300      0.2729      0.9004     24.4649     24.4649
   1   1      7.6400      0.2783      0.9158     24.5651     24.5651
   1   1      7.6500      0.2861      0.9388     24.6681     24.6681
   1   1      7.6600      0.2958      0.9682     24.7746     24.7746
   1   1      7.6700      0.2926      0.9551     24.8799     24.8799
   1   1      7.6800      0.2947      0.9597     24.9860     24.9860
   1   1      7.6900      0.2971      0.9650     25.0930     25.0930
   1   1      7.7000      0.3048      0.9875     25.2027     25.2027
   1   1      7.7100      0.3066      0.9905     25.3131     25.3131
   1   1      7.7200      0.3127      1.0078     25.4257     25.4257
   1   1      7.7300      0.3136      1.0080     25.5386     25.5386
   1   1      7.7400      0.3253      1.0428     25.6557     25.6557
   1   1      7.7500      0.3302      1.0558     25.7746     25.7746
   1   1      7.7600      0.3243      1.0344     25.8913     25.8913
   1   1      7.7700      0.3292      1.0472     26.0098     26.0098
   1   1      7.7800      0.3320      1.0533     26.1293     26.1293
   1   1      7.7900      0.3384      1.0710     26.2512     26.2512
   1   1      7.8000      0.3472      1.0961     26.3762     26.3762
   1   1      7.8100      0.3569      1.1237     26.5046     26.5046
   1   1      7.8200      0.3651      1.1468     26.6361     26.6361
   1   1      7.8300      0.3585      1.1229     26.7651     26.7651
   1   1      7.8400      0.3670      1.1468     26.8973     26.8973
   1   1      7.8500      0.3653      1.1386     27.0288     27.0288
   1   1      7.8600      0.3649      1.1343     27.1602     27.1602
   1   1      7.8700      0.3663      1.1358     27.2920     27.2920
   1   1      7.8800      0.3771      1.1664     27.4278     27.4278
   1   1      7.8900      0.3831      1.1820     27.5657     27.5657
   1   1      7.9000      0.3839      1.1814     27.7039     27.7039
   1   1      7.9100      0.3854      1.1831     27.8427     27.8427
   1   1      7.9200      0.3955      1.2108     27.9850     27.9850
   1   1      7.9300      0.3960      1.2094     28.1276     28.1276
   1   1      7.9400      0.3988      1.2148     28.2711     28.2711
   1   1      7.9500      0.4062      1.2343     28.4174     28.4174
   1   1      7.9600      0.4121      1.2493     28.5657     28.5657
   1   1      7.9700      0.4170      1.2609     28.7159     28.7159
   1   1      7.9800      0.4274      1.2891     28.8697     28.8697
   1   1      7.9900      0.4306      1.2955     29.0248     29.0248
   1   1      8.0000      0.4355      1.3069     29.1815     29.1815
   1   1      8.0100      0.4386      1.3130     29.3395     29.3395
