==============================================================================
    step     energy [au]  potential [au]  temp [K]  wall clock time           
------------------------------------------------------------------------------
       0   -202.02667394   -206.51332931    300.00  2022-01-12 Wed 19:19:56.39
       1   -202.02674878   -206.51577878    302.09  2022-01-12 Wed 19:20:07.09
       2   -202.02693939   -206.52391571    306.31  2022-01-12 Wed 19:20:17.92
       3   -202.02709892   -206.53442004    310.83  2022-01-12 Wed 19:20:28.94
       4   -202.02717794   -206.54425399    314.23  2022-01-12 Wed 19:20:39.89
       5   -202.02721005   -206.55250692    316.99  2022-01-12 Wed 19:20:50.67
       6   -202.02722229   -206.55930548    319.10  2022-01-12 Wed 19:21:01.46
       7   -202.02722551   -206.56475867    320.09  2022-01-12 Wed 19:21:12.15
       8   -202.02722307   -206.56885511    319.81  2022-01-12 Wed 19:21:23.22
       9   -202.02721502   -206.57150784    318.45  2022-01-12 Wed 19:21:34.37
      10   -202.02720130   -206.57261451    315.95  2022-01-12 Wed 19:21:45.74
      11   -202.02718306   -206.57217531    312.41  2022-01-12 Wed 19:21:56.49
      12   -202.02716328   -206.57033687    308.19  2022-01-12 Wed 19:22:07.42
      13   -202.02714199   -206.56739233    303.02  2022-01-12 Wed 19:22:18.10
      14   -202.02711903   -206.56376611    297.37  2022-01-12 Wed 19:22:28.81
      15   -202.02709612   -206.55987232    291.89  2022-01-12 Wed 19:22:39.57
      16   -202.02707605   -206.55605408    286.69  2022-01-12 Wed 19:22:50.22
      17   -202.02706162   -206.55259767    282.41  2022-01-12 Wed 19:23:01.18
      18   -202.02705383   -206.54965298    279.69  2022-01-12 Wed 19:23:11.86
      19   -202.02705231   -206.54718244    278.31  2022-01-12 Wed 19:23:22.52
      20   -202.02705511   -206.54504933    277.32  2022-01-12 Wed 19:23:33.13
      21   -202.02706025   -206.54314179    275.74  2022-01-12 Wed 19:23:43.83
      22   -202.02706549   -206.54139889    273.18  2022-01-12 Wed 19:23:54.50
      23   -202.02706975   -206.53975954    269.88  2022-01-12 Wed 19:24:05.07
      24   -202.02707231   -206.53814639    266.44  2022-01-12 Wed 19:24:15.79
      25   -202.02707321   -206.53650516    263.48  2022-01-12 Wed 19:24:26.34
      26   -202.02707220   -206.53483671    261.37  2022-01-12 Wed 19:24:36.88
      27   -202.02707021   -206.53319257    260.22  2022-01-12 Wed 19:24:47.41
      28   -202.02706791   -206.53165035    259.91  2022-01-12 Wed 19:24:57.99
      29   -202.02706584   -206.53028956    260.29  2022-01-12 Wed 19:25:08.57
      30   -202.02706452   -206.52917327    261.31  2022-01-12 Wed 19:25:19.15
      31   -202.02706420   -206.52832871    262.90  2022-01-12 Wed 19:25:29.79
      32   -202.02706496   -206.52773682    264.70  2022-01-12 Wed 19:25:40.34
      33   -202.02706657   -206.52735565    266.30  2022-01-12 Wed 19:25:50.96
      34   -202.02706883   -206.52717233    267.48  2022-01-12 Wed 19:26:02.02
      35   -202.02707159   -206.52721920    267.96  2022-01-12 Wed 19:26:12.61
      36   -202.02707464   -206.52753005    267.87  2022-01-12 Wed 19:26:23.23
      37   -202.02707793   -206.52809298    268.01  2022-01-12 Wed 19:26:34.04
      38   -202.02708162   -206.52882685    268.59  2022-01-12 Wed 19:26:44.77
      39   -202.02708484   -206.52962084    269.28  2022-01-12 Wed 19:26:55.52
      40   -202.02708691   -206.53041398    270.48  2022-01-12 Wed 19:27:06.22
      41   -202.02708761   -206.53119346    272.80  2022-01-12 Wed 19:27:18.34
      42   -202.02708658   -206.53192708    276.33  2022-01-12 Wed 19:27:30.44
      43   -202.02708384   -206.53254570    280.75  2022-01-12 Wed 19:27:41.41
      44   -202.02707911   -206.53298438    285.44  2022-01-12 Wed 19:27:52.12
      45   -202.02707316   -206.53323887    289.61  2022-01-12 Wed 19:28:03.08
      46   -202.02706638   -206.53338419    292.60  2022-01-12 Wed 19:28:14.08
      47   -202.02706074   -206.53350347    294.92  2022-01-12 Wed 19:28:24.84
      48   -202.02705648   -206.53361297    297.06  2022-01-12 Wed 19:28:35.70
      49   -202.02705389   -206.53368731    298.58  2022-01-12 Wed 19:28:46.39
      50   -202.02705246   -206.53375761    299.40  2022-01-12 Wed 19:28:57.06
      51   -202.02705209   -206.53393287    300.10  2022-01-12 Wed 19:29:08.14
      52   -202.02705217   -206.53429037    301.07  2022-01-12 Wed 19:29:18.81
      53   -202.02705258   -206.53482012    301.86  2022-01-12 Wed 19:29:29.55
      54   -202.02705392   -206.53550802    302.07  2022-01-12 Wed 19:29:40.38
      55   -202.02705734   -206.53640184    302.21  2022-01-12 Wed 19:29:51.07
      56   -202.02706306   -206.53755951    303.03  2022-01-12 Wed 19:30:01.82
      57   -202.02707031   -206.53897517    304.83  2022-01-12 Wed 19:30:12.71
      58   -202.02707754   -206.54055871    307.43  2022-01-12 Wed 19:30:23.46
      59   -202.02708314   -206.54216143    310.42  2022-01-12 Wed 19:30:34.18
      60   -202.02708543   -206.54361738    313.58  2022-01-12 Wed 19:30:44.95
      61   -202.02708427   -206.54477567    316.76  2022-01-12 Wed 19:30:55.82
      62   -202.02708039   -206.54554119    319.39  2022-01-12 Wed 19:31:06.80
      63   -202.02707530   -206.54595155    320.50  2022-01-12 Wed 19:31:17.65
      64   -202.02707127   -206.54620636    319.97  2022-01-12 Wed 19:31:28.47
      65   -202.02706928   -206.54652946    319.11  2022-01-12 Wed 19:31:39.21
      66   -202.02706948   -206.54703189    318.79  2022-01-12 Wed 19:31:51.09
      67   -202.02707154   -206.54773209    319.07  2022-01-12 Wed 19:32:02.69
      68   -202.02707494   -206.54858330    319.73  2022-01-12 Wed 19:32:14.45
      69   -202.02707889   -206.54938899    319.75  2022-01-12 Wed 19:32:25.58
      70   -202.02708098   -206.54986883    318.61  2022-01-12 Wed 19:32:36.94
      71   -202.02708071   -206.54995667    317.93  2022-01-12 Wed 19:32:47.68
      72   -202.02707924   -206.54974083    318.25  2022-01-12 Wed 19:32:58.42
      73   -202.02707747   -206.54929944    320.17  2022-01-12 Wed 19:33:09.10
      74   -202.02707663   -206.54863129    322.36  2022-01-12 Wed 19:33:19.99
      75   -202.02707565   -206.54764438    321.73  2022-01-12 Wed 19:33:32.02
      76   -202.02707259   -206.54626255    319.02  2022-01-12 Wed 19:33:42.83
      77   -202.02706661   -206.54460880    316.03  2022-01-12 Wed 19:33:55.40
      78   -202.02705935   -206.54290808    314.13  2022-01-12 Wed 19:34:07.06
      79   -202.02705276   -206.54129756    313.83  2022-01-12 Wed 19:34:17.89
      80   -202.02704698   -206.53982429    314.86  2022-01-12 Wed 19:34:28.77
      81   -202.02704172   -206.53850394    316.53  2022-01-12 Wed 19:34:39.72
      82   -202.02703666   -206.53734907    318.02  2022-01-12 Wed 19:34:50.42
      83   -202.02703176   -206.53637298    318.79  2022-01-12 Wed 19:35:01.11
      84   -202.02702763   -206.53561748    318.75  2022-01-12 Wed 19:35:12.68
      85   -202.02702520   -206.53517821    318.23  2022-01-12 Wed 19:35:23.11
      86   -202.02702541   -206.53514655    317.70  2022-01-12 Wed 19:35:33.64
      87   -202.02702830   -206.53553436    317.20  2022-01-12 Wed 19:35:44.70
      88   -202.02703305   -206.53626324    316.72  2022-01-12 Wed 19:35:55.72
      89   -202.02703838   -206.53719743    315.67  2022-01-12 Wed 19:36:06.21
      90   -202.02704314   -206.53819362    313.46  2022-01-12 Wed 19:36:16.77
      91   -202.02704634   -206.53914112    310.41  2022-01-12 Wed 19:36:27.46
      92   -202.02704781   -206.53997870    307.41  2022-01-12 Wed 19:36:38.15
      93   -202.02704773   -206.54069352    305.05  2022-01-12 Wed 19:36:48.92
      94   -202.02704668   -206.54130675    303.49  2022-01-12 Wed 19:36:59.67
      95   -202.02704561   -206.54184027    302.70  2022-01-12 Wed 19:37:10.48
      96   -202.02704494   -206.54228250    302.21  2022-01-12 Wed 19:37:21.19
      97   -202.02704444   -206.54258466    301.30  2022-01-12 Wed 19:37:31.92
      98   -202.02704326   -206.54267246    299.70  2022-01-12 Wed 19:37:42.75
      99   -202.02704065   -206.54244340    297.57  2022-01-12 Wed 19:37:53.51
     100   -202.02703603   -206.54177804    295.16  2022-01-12 Wed 19:38:04.24
     101   -202.02702938   -206.54059656    292.79  2022-01-12 Wed 19:38:15.00
     102   -202.02702066   -206.53894181    290.73  2022-01-12 Wed 19:38:25.83
     103   -202.02701061   -206.53700789    289.26  2022-01-12 Wed 19:38:36.60
     104   -202.02700072   -206.53505037    288.33  2022-01-12 Wed 19:38:47.78
     105   -202.02699235   -206.53328288    287.86  2022-01-12 Wed 19:38:58.47
     106   -202.02698572   -206.53184046    288.32  2022-01-12 Wed 19:39:09.12
     107   -202.02698095   -206.53077366    289.84  2022-01-12 Wed 19:39:19.82
     108   -202.02697804   -206.53006574    291.23  2022-01-12 Wed 19:39:30.44
     109   -202.02697658   -206.52969745    291.46  2022-01-12 Wed 19:39:41.12
     110   -202.02697703   -206.52970233    291.36  2022-01-12 Wed 19:39:51.77
     111   -202.02697918   -206.53014519    291.96  2022-01-12 Wed 19:40:02.29
     112   -202.02698270   -206.53106538    293.56  2022-01-12 Wed 19:40:12.93
     113   -202.02698770   -206.53243070    296.21  2022-01-12 Wed 19:40:23.44
     114   -202.02699361   -206.53410813    299.32  2022-01-12 Wed 19:40:33.97
     115   -202.02700001   -206.53590552    301.51  2022-01-12 Wed 19:40:44.81
     116   -202.02700768   -206.53770791    302.22  2022-01-12 Wed 19:40:55.44
     117   -202.02701652   -206.53946703    302.03  2022-01-12 Wed 19:41:06.00
     118   -202.02702552   -206.54105065    301.00  2022-01-12 Wed 19:41:16.61
     119   -202.02703273   -206.54225951    299.17  2022-01-12 Wed 19:41:27.19
     120   -202.02703711   -206.54295275    297.06  2022-01-12 Wed 19:41:37.75
     121   -202.02703838   -206.54310573    295.39  2022-01-12 Wed 19:41:48.32
     122   -202.02703652   -206.54277330    294.59  2022-01-12 Wed 19:41:58.84
     123   -202.02703169   -206.54202636    294.60  2022-01-12 Wed 19:42:09.40
     124   -202.02702472   -206.54093209    294.77  2022-01-12 Wed 19:42:20.04
     125   -202.02701632   -206.53958706    294.26  2022-01-12 Wed 19:42:30.70
     126   -202.02700850   -206.53814028    292.86  2022-01-12 Wed 19:42:41.33
     127   -202.02700248   -206.53676802    290.76  2022-01-12 Wed 19:42:52.18
     128   -202.02699881   -206.53563668    288.49  2022-01-12 Wed 19:43:02.70
     129   -202.02699792   -206.53485743    286.78  2022-01-12 Wed 19:43:13.14
     130   -202.02699924   -206.53446009    285.92  2022-01-12 Wed 19:43:23.67
     131   -202.02700240   -206.53442884    285.90  2022-01-12 Wed 19:43:34.22
     132   -202.02700732   -206.53474696    286.85  2022-01-12 Wed 19:43:44.77
     133   -202.02701326   -206.53539747    289.10  2022-01-12 Wed 19:43:55.41
     134   -202.02702039   -206.53629665    292.43  2022-01-12 Wed 19:44:06.03
     135   -202.02702732   -206.53720759    295.13  2022-01-12 Wed 19:44:16.72
     136   -202.02703278   -206.53784371    296.26  2022-01-12 Wed 19:44:27.72
     137   -202.02703606   -206.53804841    296.31  2022-01-12 Wed 19:44:38.43
     138   -202.02703694   -206.53780635    295.73  2022-01-12 Wed 19:44:49.44
     139   -202.02703562   -206.53717495    295.01  2022-01-12 Wed 19:45:00.09
     140   -202.02703278   -206.53622680    294.19  2022-01-12 Wed 19:45:11.76
     141   -202.02702822   -206.53503319    293.39  2022-01-12 Wed 19:45:22.51
     142   -202.02702193   -206.53368890    293.64  2022-01-12 Wed 19:45:33.07
     143   -202.02701351   -206.53231448    295.44  2022-01-12 Wed 19:45:43.66
     144   -202.02700471   -206.53099734    298.32  2022-01-12 Wed 19:45:54.27
     145   -202.02699598   -206.52971571    300.76  2022-01-12 Wed 19:46:04.89
     146   -202.02698819   -206.52836170    301.46  2022-01-12 Wed 19:46:15.54
     147   -202.02698111   -206.52688015    301.36  2022-01-12 Wed 19:46:26.19
     148   -202.02697469   -206.52533703    301.79  2022-01-12 Wed 19:46:36.82
     149   -202.02696923   -206.52385488    302.85  2022-01-12 Wed 19:46:47.63
     150   -202.02696471   -206.52253357    304.11  2022-01-12 Wed 19:46:58.60
     151   -202.02696133   -206.52141421    305.36  2022-01-12 Wed 19:47:09.42
     152   -202.02695923   -206.52048190    306.93  2022-01-12 Wed 19:47:20.16
     153   -202.02695798   -206.51968684    308.70  2022-01-12 Wed 19:47:30.87
     154   -202.02695743   -206.51901386    309.12  2022-01-12 Wed 19:47:41.93
     155   -202.02695739   -206.51856546    307.39  2022-01-12 Wed 19:47:52.67
     156   -202.02695769   -206.51848930    305.23  2022-01-12 Wed 19:48:03.45
     157   -202.02695841   -206.51881364    303.96  2022-01-12 Wed 19:48:14.21
     158   -202.02695855   -206.51943971    303.66  2022-01-12 Wed 19:48:24.89
     159   -202.02695796   -206.52024200    304.06  2022-01-12 Wed 19:48:35.66
     160   -202.02695727   -206.52113284    304.82  2022-01-12 Wed 19:48:46.45
     161   -202.02695653   -206.52206461    305.49  2022-01-12 Wed 19:48:57.14
     162   -202.02695532   -206.52299180    305.48  2022-01-12 Wed 19:49:08.20
     163   -202.02695355   -206.52386295    304.92  2022-01-12 Wed 19:49:18.92
     164   -202.02695143   -206.52463535    304.29  2022-01-12 Wed 19:49:30.90
     165   -202.02694967   -206.52527291    303.62  2022-01-12 Wed 19:49:41.65
     166   -202.02694856   -206.52574335    302.70  2022-01-12 Wed 19:49:52.37
     167   -202.02694808   -206.52603135    301.55  2022-01-12 Wed 19:50:03.12
     168   -202.02694805   -206.52615127    300.71  2022-01-12 Wed 19:50:13.79
     169   -202.02694760   -206.52610801    300.90  2022-01-12 Wed 19:50:24.37
     170   -202.02694542   -206.52583546    301.95  2022-01-12 Wed 19:50:35.05
     171   -202.02694098   -206.52523700    302.22  2022-01-12 Wed 19:50:45.85
     172   -202.02693577   -206.52434632    300.38  2022-01-12 Wed 19:50:56.81
     173   -202.02693182   -206.52336894    297.43  2022-01-12 Wed 19:51:07.67
     174   -202.02692988   -206.52252005    294.98  2022-01-12 Wed 19:51:18.26
     175   -202.02692986   -206.52189458    293.63  2022-01-12 Wed 19:51:29.77
     176   -202.02693132   -206.52145901    293.00  2022-01-12 Wed 19:51:40.43
     177   -202.02693353   -206.52111768    292.13  2022-01-12 Wed 19:51:51.35
     178   -202.02693553   -206.52080332    290.45  2022-01-12 Wed 19:52:01.91
     179   -202.02693704   -206.52050906    288.58  2022-01-12 Wed 19:52:13.66
     180   -202.02693795   -206.52025313    287.37  2022-01-12 Wed 19:52:24.33
     181   -202.02693876   -206.52004996    287.07  2022-01-12 Wed 19:52:35.25
     182   -202.02693961   -206.51989973    287.59  2022-01-12 Wed 19:52:45.87
     183   -202.02694097   -206.51977566    288.67  2022-01-12 Wed 19:52:56.59
     184   -202.02694241   -206.51961706    290.02  2022-01-12 Wed 19:53:07.37
     185   -202.02694285   -206.51934618    291.40  2022-01-12 Wed 19:53:18.10
     186   -202.02694031   -206.51890752    292.69  2022-01-12 Wed 19:53:29.54
     187   -202.02693327   -206.51829437    293.82  2022-01-12 Wed 19:53:40.27
     188   -202.02692128   -206.51752887    294.71  2022-01-12 Wed 19:53:51.09
     189   -202.02690530   -206.51662430    295.45  2022-01-12 Wed 19:54:01.89
     190   -202.02688771   -206.51558837    296.17  2022-01-12 Wed 19:54:13.64
     191   -202.02687273   -206.51449233    296.01  2022-01-12 Wed 19:54:24.90
     192   -202.02686451   -206.51359445    294.35  2022-01-12 Wed 19:54:36.21
     193   -202.02686697   -206.51330352    293.33  2022-01-12 Wed 19:54:46.91
     194   -202.02687715   -206.51384001    294.99  2022-01-12 Wed 19:54:57.90
     195   -202.02688802   -206.51496199    298.53  2022-01-12 Wed 19:55:08.93
     196   -202.02689495   -206.51617159    300.84  2022-01-12 Wed 19:55:20.49
     197   -202.02689842   -206.51718667    301.44  2022-01-12 Wed 19:55:31.20
     198   -202.02690033   -206.51796826    302.22  2022-01-12 Wed 19:55:41.97
     199   -202.02690110   -206.51852891    303.23  2022-01-12 Wed 19:55:52.71
     200   -202.02690098   -206.51891442    303.66  2022-01-12 Wed 19:56:03.43
     201   -202.02690086   -206.51916857    303.24  2022-01-12 Wed 19:56:14.12
     202   -202.02689976   -206.51929279    302.39  2022-01-12 Wed 19:56:24.73
     203   -202.02689903   -206.51933339    302.13  2022-01-12 Wed 19:56:35.33
     204   -202.02689854   -206.51932728    303.07  2022-01-12 Wed 19:56:45.96
     205   -202.02689870   -206.51921613    305.99  2022-01-12 Wed 19:56:56.63
     206   -202.02690015   -206.51892944    308.98  2022-01-12 Wed 19:57:07.27
     207   -202.02690100   -206.51862789    308.53  2022-01-12 Wed 19:57:17.94
     208   -202.02690191   -206.51851407    307.90  2022-01-12 Wed 19:57:28.61
     209   -202.02690207   -206.51855748    309.12  2022-01-12 Wed 19:57:39.33
     210   -202.02690150   -206.51867157    311.19  2022-01-12 Wed 19:57:50.06
     211   -202.02690030   -206.51883636    312.94  2022-01-12 Wed 19:58:00.81
     212   -202.02689906   -206.51906174    314.64  2022-01-12 Wed 19:58:11.60
     213   -202.02689761   -206.51931245    316.39  2022-01-12 Wed 19:58:22.84
     214   -202.02689544   -206.51953447    317.79  2022-01-12 Wed 19:58:33.63
     215   -202.02689208   -206.51972019    318.66  2022-01-12 Wed 19:58:44.42
     216   -202.02688865   -206.51993409    319.17  2022-01-12 Wed 19:58:55.20
     217   -202.02688684   -206.52032169    319.60  2022-01-12 Wed 19:59:06.07
     218   -202.02688727   -206.52101816    320.31  2022-01-12 Wed 19:59:16.67
     219   -202.02688819   -206.52194947    320.93  2022-01-12 Wed 19:59:27.50
     220   -202.02688787   -206.52284191    320.95  2022-01-12 Wed 19:59:38.05
     221   -202.02688643   -206.52352498    321.11  2022-01-12 Wed 19:59:48.59
     222   -202.02688365   -206.52402837    322.16  2022-01-12 Wed 19:59:59.26
     223   -202.02687965   -206.52441662    323.54  2022-01-12 Wed 20:00:10.01
     224   -202.02687480   -206.52471874    324.08  2022-01-12 Wed 20:00:20.69
     225   -202.02686998   -206.52497226    323.50  2022-01-12 Wed 20:00:31.67
     226   -202.02686635   -206.52524909    321.40  2022-01-12 Wed 20:00:42.30
     227   -202.02686495   -206.52564450    318.07  2022-01-12 Wed 20:00:53.01
     228   -202.02686677   -206.52623570    315.13  2022-01-12 Wed 20:01:03.81
     229   -202.02687176   -206.52702554    313.06  2022-01-12 Wed 20:01:14.58
     230   -202.02687906   -206.52794662    311.60  2022-01-12 Wed 20:01:25.57
     231   -202.02688738   -206.52890484    310.48  2022-01-12 Wed 20:01:36.27
     232   -202.02689391   -206.52981092    309.45  2022-01-12 Wed 20:01:47.15
     233   -202.02689817   -206.53058994    308.46  2022-01-12 Wed 20:01:59.23
     234   -202.02689879   -206.53118446    307.64  2022-01-12 Wed 20:02:09.96
     235   -202.02689603   -206.53155736    307.27  2022-01-12 Wed 20:02:21.01
     236   -202.02689107   -206.53167388    307.60  2022-01-12 Wed 20:02:31.84
     237   -202.02688480   -206.53145085    308.54  2022-01-12 Wed 20:02:42.59
     238   -202.02687709   -206.53073280    309.55  2022-01-12 Wed 20:02:53.33
     239   -202.02686936   -206.52950213    308.85  2022-01-12 Wed 20:03:04.26
     240   -202.02686498   -206.52813229    307.42  2022-01-12 Wed 20:03:14.98
     241   -202.02686291   -206.52689426    307.72  2022-01-12 Wed 20:03:25.77
     242   -202.02686065   -206.52573007    309.56  2022-01-12 Wed 20:03:36.49
     243   -202.02685739   -206.52454389    311.93  2022-01-12 Wed 20:03:47.14
     244   -202.02685352   -206.52333301    313.85  2022-01-12 Wed 20:03:57.92
     245   -202.02684993   -206.52216624    314.71  2022-01-12 Wed 20:04:09.19
     246   -202.02684757   -206.52111888    314.57  2022-01-12 Wed 20:04:20.07
     247   -202.02684632   -206.52025572    314.08  2022-01-12 Wed 20:04:30.86
     248   -202.02684601   -206.51964426    314.21  2022-01-12 Wed 20:04:41.58
     249   -202.02684658   -206.51929469    314.65  2022-01-12 Wed 20:04:52.35
     250   -202.02684617   -206.51913709    313.29  2022-01-12 Wed 20:05:03.38
     251   -202.02684527   -206.51913373    311.30  2022-01-12 Wed 20:05:14.18
     252   -202.02684425   -206.51924877    310.09  2022-01-12 Wed 20:05:24.94
     253   -202.02684419   -206.51942834    309.11  2022-01-12 Wed 20:05:35.71
     254   -202.02684521   -206.51966287    307.96  2022-01-12 Wed 20:05:46.52
     255   -202.02684757   -206.51999445    306.59  2022-01-12 Wed 20:05:57.21
     256   -202.02685167   -206.52048461    305.27  2022-01-12 Wed 20:06:07.86
     257   -202.02685778   -206.52117071    304.23  2022-01-12 Wed 20:06:18.50
     258   -202.02686557   -206.52203489    303.76  2022-01-12 Wed 20:06:29.13
     259   -202.02687353   -206.52299312    304.07  2022-01-12 Wed 20:06:39.84
     260   -202.02687958   -206.52390342    304.84  2022-01-12 Wed 20:06:51.50
     261   -202.02688226   -206.52460344    305.02  2022-01-12 Wed 20:07:02.14
     262   -202.02688098   -206.52500826    304.25  2022-01-12 Wed 20:07:12.74
     263   -202.02687666   -206.52518211    303.26  2022-01-12 Wed 20:07:23.49
     264   -202.02687068   -206.52528373    302.64  2022-01-12 Wed 20:07:34.79
     265   -202.02686471   -206.52547785    302.69  2022-01-12 Wed 20:07:45.66
     266   -202.02685962   -206.52588932    303.43  2022-01-12 Wed 20:07:56.27
     267   -202.02685679   -206.52660064    304.72  2022-01-12 Wed 20:08:07.22
     268   -202.02685622   -206.52766459    306.45  2022-01-12 Wed 20:08:17.82
     269   -202.02685815   -206.52910029    308.61  2022-01-12 Wed 20:08:28.38
     270   -202.02686238   -206.53086685    310.96  2022-01-12 Wed 20:08:39.25
     271   -202.02686843   -206.53281640    312.63  2022-01-12 Wed 20:08:50.03
     272   -202.02687481   -206.53467606    312.42  2022-01-12 Wed 20:09:00.94
     273   -202.02688069   -206.53618580    311.26  2022-01-12 Wed 20:09:11.94
     274   -202.02688512   -206.53720723    310.71  2022-01-12 Wed 20:09:24.85
     275   -202.02688733   -206.53764700    310.32  2022-01-12 Wed 20:09:35.54
     276   -202.02688510   -206.53748096    309.41  2022-01-12 Wed 20:09:46.62
     277   -202.02687748   -206.53687532    308.41  2022-01-12 Wed 20:09:57.49
     278   -202.02686680   -206.53613313    307.70  2022-01-12 Wed 20:10:08.27
     279   -202.02685627   -206.53549667    307.23  2022-01-12 Wed 20:10:18.98
     280   -202.02684829   -206.53504001    306.91  2022-01-12 Wed 20:10:29.57
     281   -202.02684312   -206.53472250    306.05  2022-01-12 Wed 20:10:40.25
     282   -202.02684104   -206.53451590    304.49  2022-01-12 Wed 20:10:50.81
     283   -202.02684105   -206.53440472    303.21  2022-01-12 Wed 20:11:01.55
     284   -202.02684134   -206.53432177    302.38  2022-01-12 Wed 20:11:12.26
     285   -202.02684047   -206.53420727    301.78  2022-01-12 Wed 20:11:23.08
     286   -202.02683775   -206.53408477    301.68  2022-01-12 Wed 20:11:33.80
     287   -202.02683348   -206.53405454    302.36  2022-01-12 Wed 20:11:44.71
     288   -202.02682913   -206.53421345    303.56  2022-01-12 Wed 20:11:55.45
     289   -202.02682694   -206.53458306    304.67  2022-01-12 Wed 20:12:06.15
     290   -202.02682861   -206.53513359    305.43  2022-01-12 Wed 20:12:16.88
     291   -202.02683450   -206.53584645    306.21  2022-01-12 Wed 20:12:27.74
     292   -202.02684261   -206.53668474    306.98  2022-01-12 Wed 20:12:38.47
     293   -202.02684899   -206.53752739    307.65  2022-01-12 Wed 20:12:49.50
     294   -202.02685125   -206.53816914    307.81  2022-01-12 Wed 20:13:00.50
     295   -202.02684855   -206.53841296    306.48  2022-01-12 Wed 20:13:11.23
     296   -202.02684224   -206.53819820    304.86  2022-01-12 Wed 20:13:22.04
     297   -202.02683339   -206.53761815    303.76  2022-01-12 Wed 20:13:32.82
     298   -202.02682420   -206.53690793    302.77  2022-01-12 Wed 20:13:43.56
     299   -202.02681729   -206.53639096    301.64  2022-01-12 Wed 20:13:54.32
     300   -202.02681480   -206.53631024    300.05  2022-01-12 Wed 20:14:05.14
     301   -202.02681719   -206.53672763    297.95  2022-01-12 Wed 20:14:15.89
     302   -202.02682405   -206.53758971    296.02  2022-01-12 Wed 20:14:27.21
     303   -202.02683464   -206.53881258    294.94  2022-01-12 Wed 20:14:38.44
     304   -202.02684716   -206.54029924    294.88  2022-01-12 Wed 20:14:49.25
     305   -202.02686020   -206.54192985    295.68  2022-01-12 Wed 20:14:59.99
     306   -202.02687223   -206.54355628    297.23  2022-01-12 Wed 20:15:10.82
     307   -202.02688201   -206.54499926    299.36  2022-01-12 Wed 20:15:21.58
     308   -202.02688856   -206.54606121    301.33  2022-01-12 Wed 20:15:32.23
     309   -202.02689136   -206.54656779    302.54  2022-01-12 Wed 20:15:42.90
     310   -202.02689017   -206.54640141    302.80  2022-01-12 Wed 20:15:53.65
     311   -202.02688471   -206.54551306    302.02  2022-01-12 Wed 20:16:04.39
     312   -202.02687522   -206.54394093    300.49  2022-01-12 Wed 20:16:15.13
     313   -202.02686260   -206.54181627    299.09  2022-01-12 Wed 20:16:26.09
     314   -202.02684789   -206.53932240    298.61  2022-01-12 Wed 20:16:36.80
     315   -202.02683262   -206.53664497    299.12  2022-01-12 Wed 20:16:47.46
     316   -202.02681844   -206.53397229    299.82  2022-01-12 Wed 20:16:58.31
     317   -202.02680693   -206.53153173    300.32  2022-01-12 Wed 20:17:09.09
     318   -202.02679981   -206.52956827    301.36  2022-01-12 Wed 20:17:19.74
     319   -202.02679760   -206.52823995    303.58  2022-01-12 Wed 20:17:30.41
     320   -202.02679955   -206.52756308    306.91  2022-01-12 Wed 20:17:41.22
     321   -202.02680489   -206.52743320    310.30  2022-01-12 Wed 20:17:51.97
     322   -202.02681216   -206.52765426    311.91  2022-01-12 Wed 20:18:02.99
     323   -202.02681981   -206.52801313    312.18  2022-01-12 Wed 20:18:13.95
     324   -202.02682554   -206.52833987    313.07  2022-01-12 Wed 20:18:24.73
     325   -202.02682709   -206.52844703    315.05  2022-01-12 Wed 20:18:35.48
     326   -202.02682402   -206.52811991    317.31  2022-01-12 Wed 20:18:46.24
     327   -202.02681799   -206.52727592    318.63  2022-01-12 Wed 20:18:57.02
     328   -202.02681071   -206.52606525    318.13  2022-01-12 Wed 20:19:08.22
     329   -202.02680431   -206.52474247    316.32  2022-01-12 Wed 20:19:18.99
     330   -202.02680013   -206.52347079    313.91  2022-01-12 Wed 20:19:29.76
     331   -202.02679797   -206.52229765    310.89  2022-01-12 Wed 20:19:40.58
     332   -202.02679718   -206.52123444    307.50  2022-01-12 Wed 20:19:51.25
     333   -202.02679722   -206.52029847    304.50  2022-01-12 Wed 20:20:02.31
     334   -202.02679788   -206.51952126    302.29  2022-01-12 Wed 20:20:12.95
     335   -202.02679786   -206.51893910    299.97  2022-01-12 Wed 20:20:23.77
     336   -202.02679548   -206.51853231    297.01  2022-01-12 Wed 20:20:34.34
     337   -202.02678966   -206.51819125    293.78  2022-01-12 Wed 20:20:45.18
     338   -202.02678210   -206.51786793    290.67  2022-01-12 Wed 20:20:55.84
     339   -202.02677500   -206.51765875    288.35  2022-01-12 Wed 20:21:06.51
     340   -202.02676992   -206.51766756    286.88  2022-01-12 Wed 20:21:17.12
     341   -202.02676760   -206.51789901    285.43  2022-01-12 Wed 20:21:27.74
     342   -202.02676763   -206.51827559    283.18  2022-01-12 Wed 20:21:38.39
     343   -202.02676933   -206.51871630    280.71  2022-01-12 Wed 20:21:49.03
     344   -202.02677136   -206.51919360    279.12  2022-01-12 Wed 20:21:59.87
     345   -202.02677303   -206.51971534    278.93  2022-01-12 Wed 20:22:10.71
     346   -202.02677395   -206.52026407    280.19  2022-01-12 Wed 20:22:21.47
     347   -202.02677434   -206.52074675    282.35  2022-01-12 Wed 20:22:32.57
     348   -202.02677362   -206.52106851    283.59  2022-01-12 Wed 20:22:43.29
     349   -202.02677064   -206.52136968    283.54  2022-01-12 Wed 20:22:54.20
     350   -202.02676774   -206.52191044    283.66  2022-01-12 Wed 20:23:04.95
     351   -202.02676750   -206.52278292    284.88  2022-01-12 Wed 20:23:16.18
     352   -202.02677072   -206.52393910    287.27  2022-01-12 Wed 20:23:27.21
     353   -202.02677663   -206.52528638    290.60  2022-01-12 Wed 20:23:38.00
     354   -202.02678444   -206.52670954    294.52  2022-01-12 Wed 20:23:48.76
     355   -202.02679288   -206.52806749    298.11  2022-01-12 Wed 20:23:59.51
     356   -202.02680002   -206.52922667    300.39  2022-01-12 Wed 20:24:10.25
     357   -202.02680412   -206.53012430    301.58  2022-01-12 Wed 20:24:21.57
     358   -202.02680420   -206.53077591    302.72  2022-01-12 Wed 20:24:32.21
     359   -202.02680054   -206.53121058    303.80  2022-01-12 Wed 20:24:42.80
     360   -202.02679434   -206.53144857    303.85  2022-01-12 Wed 20:24:53.39
     361   -202.02678729   -206.53155204    302.97  2022-01-12 Wed 20:25:04.03
     362   -202.02678183   -206.53161842    302.28  2022-01-12 Wed 20:25:14.62
     363   -202.02677835   -206.53169856    302.28  2022-01-12 Wed 20:25:25.26
     364   -202.02677644   -206.53176583    302.94  2022-01-12 Wed 20:25:35.92
     365   -202.02677562   -206.53175142    304.07  2022-01-12 Wed 20:25:46.69
     366   -202.02677494   -206.53160196    304.58  2022-01-12 Wed 20:25:57.47
     367   -202.02677387   -206.53133875    303.79  2022-01-12 Wed 20:26:08.23
     368   -202.02677252   -206.53105838    302.74  2022-01-12 Wed 20:26:18.85
     369   -202.02677098   -206.53087091    302.41  2022-01-12 Wed 20:26:29.57
     370   -202.02676951   -206.53083930    302.76  2022-01-12 Wed 20:26:40.32
     371   -202.02676791   -206.53095602    303.46  2022-01-12 Wed 20:26:51.10
     372   -202.02676640   -206.53116268    304.46  2022-01-12 Wed 20:27:01.85
     373   -202.02676480   -206.53139442    305.76  2022-01-12 Wed 20:27:12.53
     374   -202.02676346   -206.53160334    307.20  2022-01-12 Wed 20:27:23.28
     375   -202.02676257   -206.53175688    308.01  2022-01-12 Wed 20:27:34.01
     376   -202.02676188   -206.53186258    307.65  2022-01-12 Wed 20:27:44.74
     377   -202.02676159   -206.53199217    306.71  2022-01-12 Wed 20:27:55.47
     378   -202.02676175   -206.53223360    306.54  2022-01-12 Wed 20:28:06.22
     379   -202.02676214   -206.53262703    307.23  2022-01-12 Wed 20:28:16.68
     380   -202.02676285   -206.53317578    307.32  2022-01-12 Wed 20:28:27.11
     381   -202.02676398   -206.53387832    306.17  2022-01-12 Wed 20:28:37.57
     382   -202.02676554   -206.53471644    304.99  2022-01-12 Wed 20:28:48.01
     383   -202.02676704   -206.53562225    304.96  2022-01-12 Wed 20:28:58.25
     384   -202.02676829   -206.53646315    305.72  2022-01-12 Wed 20:29:08.53
     385   -202.02676839   -206.53707914    306.02  2022-01-12 Wed 20:29:19.10
     386   -202.02676706   -206.53735072    305.52  2022-01-12 Wed 20:29:29.68
     387   -202.02676398   -206.53718302    304.61  2022-01-12 Wed 20:29:40.34
     388   -202.02675760   -206.53644470    303.74  2022-01-12 Wed 20:29:50.94
     389   -202.02674608   -206.53504888    302.65  2022-01-12 Wed 20:30:01.62
     390   -202.02672926   -206.53315560    300.69  2022-01-12 Wed 20:30:12.39
     391   -202.02671106   -206.53118364    297.60  2022-01-12 Wed 20:30:23.15
     392   -202.02669683   -206.52955801    293.37  2022-01-12 Wed 20:30:33.93
     393   -202.02668937   -206.52852114    289.44  2022-01-12 Wed 20:30:44.71
     394   -202.02668818   -206.52810011    287.08  2022-01-12 Wed 20:30:55.46
     395   -202.02669051   -206.52817319    285.72  2022-01-12 Wed 20:31:06.26
     396   -202.02669415   -206.52860690    284.49  2022-01-12 Wed 20:31:17.98
     397   -202.02669742   -206.52933318    283.20  2022-01-12 Wed 20:31:28.79
     398   -202.02670007   -206.53033653    282.23  2022-01-12 Wed 20:31:39.50
     399   -202.02670246   -206.53165222    282.34  2022-01-12 Wed 20:31:50.27
     400   -202.02670572   -206.53336567    284.17  2022-01-12 Wed 20:32:00.97
     401   -202.02671079   -206.53553532    287.26  2022-01-12 Wed 20:32:11.71
     402   -202.02671733   -206.53801985    289.31  2022-01-12 Wed 20:32:22.42
     403   -202.02672384   -206.54044688    288.96  2022-01-12 Wed 20:32:33.11
     404   -202.02672907   -206.54250384    287.77  2022-01-12 Wed 20:32:44.05
     405   -202.02673145   -206.54407935    286.77  2022-01-12 Wed 20:32:54.76
     406   -202.02673196   -206.54522833    286.77  2022-01-12 Wed 20:33:05.63
     407   -202.02673115   -206.54608123    288.50  2022-01-12 Wed 20:33:16.20
     408   -202.02672973   -206.54669261    291.16  2022-01-12 Wed 20:33:26.79
     409   -202.02672774   -206.54700725    293.46  2022-01-12 Wed 20:33:37.27
     410   -202.02672545   -206.54698236    295.07  2022-01-12 Wed 20:33:47.70
     411   -202.02672305   -206.54666557    295.91  2022-01-12 Wed 20:33:58.21
     412   -202.02672081   -206.54617310    296.33  2022-01-12 Wed 20:34:08.83
     413   -202.02671936   -206.54564161    296.92  2022-01-12 Wed 20:34:19.28
     414   -202.02671877   -206.54516837    297.87  2022-01-12 Wed 20:34:29.71
     415   -202.02671885   -206.54475649    299.50  2022-01-12 Wed 20:34:40.21
     416   -202.02671870   -206.54430500    301.91  2022-01-12 Wed 20:34:51.05
     417   -202.02671650   -206.54371851    304.43  2022-01-12 Wed 20:35:01.62
     418   -202.02671114   -206.54307859    306.48  2022-01-12 Wed 20:35:11.96
     419   -202.02670430   -206.54256415    307.34  2022-01-12 Wed 20:35:22.31
     420   -202.02669802   -206.54227128    306.76  2022-01-12 Wed 20:35:32.75
     421   -202.02669383   -206.54223817    305.52  2022-01-12 Wed 20:35:43.18
     422   -202.02669285   -206.54251555    304.59  2022-01-12 Wed 20:35:53.55
     423   -202.02669556   -206.54315571    304.10  2022-01-12 Wed 20:36:04.14
     424   -202.02670183   -206.54415706    303.80  2022-01-12 Wed 20:36:14.87
     425   -202.02671095   -206.54542755    303.54  2022-01-12 Wed 20:36:25.62
     426   -202.02672089   -206.54679539    302.98  2022-01-12 Wed 20:36:36.38
     427   -202.02672963   -206.54805302    302.17  2022-01-12 Wed 20:36:47.07
     428   -202.02673511   -206.54899301    301.71  2022-01-12 Wed 20:36:57.87
     429   -202.02673461   -206.54940778    301.84  2022-01-12 Wed 20:37:08.60
     430   -202.02672784   -206.54915181    301.43  2022-01-12 Wed 20:37:19.34
     431   -202.02671796   -206.54835069    299.79  2022-01-12 Wed 20:37:30.11
     432   -202.02670792   -206.54734352    297.54  2022-01-12 Wed 20:37:40.75
     433   -202.02669929   -206.54641905    295.31  2022-01-12 Wed 20:37:51.32
     434   -202.02669321   -206.54574852    293.72  2022-01-12 Wed 20:38:01.58
     435   -202.02669054   -206.54541011    293.01  2022-01-12 Wed 20:38:11.98
     436   -202.02669104   -206.54540819    293.03  2022-01-12 Wed 20:38:22.44
     437   -202.02669348   -206.54568569    293.39  2022-01-12 Wed 20:38:33.31
     438   -202.02669661   -206.54613851    293.62  2022-01-12 Wed 20:38:43.75
     439   -202.02669866   -206.54664542    293.59  2022-01-12 Wed 20:38:54.08
     440   -202.02669923   -206.54711346    293.80  2022-01-12 Wed 20:39:04.56
     441   -202.02669848   -206.54751569    294.76  2022-01-12 Wed 20:39:14.99
     442   -202.02669735   -206.54788960    296.51  2022-01-12 Wed 20:39:25.42
     443   -202.02669707   -206.54829628    298.88  2022-01-12 Wed 20:39:35.93
     444   -202.02669834   -206.54878083    301.75  2022-01-12 Wed 20:39:46.28
     445   -202.02670156   -206.54935253    305.01  2022-01-12 Wed 20:39:56.91
     446   -202.02670729   -206.54995052    308.04  2022-01-12 Wed 20:40:07.75
     447   -202.02671434   -206.55039429    309.79  2022-01-12 Wed 20:40:18.47
     448   -202.02672155   -206.55044897    310.52  2022-01-12 Wed 20:40:29.27
     449   -202.02672719   -206.54997536    311.06  2022-01-12 Wed 20:40:40.00
     450   -202.02673021   -206.54895071    311.40  2022-01-12 Wed 20:40:50.72
     451   -202.02673000   -206.54740562    311.68  2022-01-12 Wed 20:41:01.35
     452   -202.02672617   -206.54535807    312.09  2022-01-12 Wed 20:41:11.82
     453   -202.02671806   -206.54276104    312.50  2022-01-12 Wed 20:41:22.77
     454   -202.02670520   -206.53953802    312.78  2022-01-12 Wed 20:41:33.30
     455   -202.02668655   -206.53574628    312.04  2022-01-12 Wed 20:41:43.79
     456   -202.02666248   -206.53178254    309.81  2022-01-12 Wed 20:41:54.27
     457   -202.02663957   -206.52826843    307.05  2022-01-12 Wed 20:42:04.83
     458   -202.02662602   -206.52568008    304.69  2022-01-12 Wed 20:42:15.24
     459   -202.02662549   -206.52418540    302.84  2022-01-12 Wed 20:42:25.57
     460   -202.02663523   -206.52369740    301.60  2022-01-12 Wed 20:42:36.21
     461   -202.02665075   -206.52397224    301.23  2022-01-12 Wed 20:42:46.86
     462   -202.02666631   -206.52470953    301.57  2022-01-12 Wed 20:42:57.68
     463   -202.02667888   -206.52564164    302.07  2022-01-12 Wed 20:43:08.54
     464   -202.02668788   -206.52658657    302.05  2022-01-12 Wed 20:43:19.27
     465   -202.02669330   -206.52743850    301.19  2022-01-12 Wed 20:43:30.15
     466   -202.02669584   -206.52810373    299.63  2022-01-12 Wed 20:43:40.94
     467   -202.02669594   -206.52847748    297.61  2022-01-12 Wed 20:43:51.64
     468   -202.02669370   -206.52850395    295.52  2022-01-12 Wed 20:44:02.38
     469   -202.02669014   -206.52821547    293.58  2022-01-12 Wed 20:44:13.21
     470   -202.02668571   -206.52770911    291.67  2022-01-12 Wed 20:44:23.84
     471   -202.02668168   -206.52711113    289.83  2022-01-12 Wed 20:44:34.48
     472   -202.02667829   -206.52653380    288.72  2022-01-12 Wed 20:44:45.06
     473   -202.02667584   -206.52599482    288.52  2022-01-12 Wed 20:44:55.89
     474   -202.02667371   -206.52539001    287.46  2022-01-12 Wed 20:45:06.55
     475   -202.02667135   -206.52471258    285.95  2022-01-12 Wed 20:45:17.52
     476   -202.02666903   -206.52410692    286.03  2022-01-12 Wed 20:45:28.01
     477   -202.02666765   -206.52366678    287.12  2022-01-12 Wed 20:45:38.43
     478   -202.02666722   -206.52339891    287.70  2022-01-12 Wed 20:45:48.73
     479   -202.02666753   -206.52325975    287.68  2022-01-12 Wed 20:45:59.17
     480   -202.02666860   -206.52317995    288.31  2022-01-12 Wed 20:46:09.55
     481   -202.02667013   -206.52306387    290.25  2022-01-12 Wed 20:46:19.90
     482   -202.02667154   -206.52279302    292.91  2022-01-12 Wed 20:46:30.61
     483   -202.02667192   -206.52226328    295.32  2022-01-12 Wed 20:46:41.21
     484   -202.02667014   -206.52144700    296.56  2022-01-12 Wed 20:46:51.87
     485   -202.02666584   -206.52044798    296.29  2022-01-12 Wed 20:47:02.48
     486   -202.02666008   -206.51945582    295.53  2022-01-12 Wed 20:47:13.23
     487   -202.02665452   -206.51865027    295.32  2022-01-12 Wed 20:47:23.89
     488   -202.02664986   -206.51815147    295.75  2022-01-12 Wed 20:47:34.32
     489   -202.02664714   -206.51801165    296.67  2022-01-12 Wed 20:47:44.75
     490   -202.02664607   -206.51824882    298.11  2022-01-12 Wed 20:47:55.30
     491   -202.02664621   -206.51888158    300.34  2022-01-12 Wed 20:48:05.79
     492   -202.02664764   -206.51990713    303.51  2022-01-12 Wed 20:48:16.21
     493   -202.02665003   -206.52126485    307.36  2022-01-12 Wed 20:48:26.80
     494   -202.02665321   -206.52283882    311.50  2022-01-12 Wed 20:48:37.41
     495   -202.02665633   -206.52449166    315.61  2022-01-12 Wed 20:48:48.16
     496   -202.02665911   -206.52609449    319.20  2022-01-12 Wed 20:48:58.99
     497   -202.02666083   -206.52754223    321.72  2022-01-12 Wed 20:49:09.63
     498   -202.02666149   -206.52877366    323.15  2022-01-12 Wed 20:49:20.41
     499   -202.02666141   -206.52977796    323.53  2022-01-12 Wed 20:49:31.09
     500   -202.02666083   -206.53056969    323.17  2022-01-12 Wed 20:49:41.76
     501   -202.02665978   -206.53114983    322.86  2022-01-12 Wed 20:49:52.43
     502   -202.02665838   -206.53149301    323.27  2022-01-12 Wed 20:50:03.14
     503   -202.02665644   -206.53156233    324.39  2022-01-12 Wed 20:50:13.75
     504   -202.02665359   -206.53131652    325.10  2022-01-12 Wed 20:50:24.34
     505   -202.02664945   -206.53074123    324.17  2022-01-12 Wed 20:50:35.12
     506   -202.02664448   -206.52991954    322.18  2022-01-12 Wed 20:50:45.83
     507   -202.02663911   -206.52900075    320.24  2022-01-12 Wed 20:50:56.41
     508   -202.02663412   -206.52808452    318.58  2022-01-12 Wed 20:51:07.13
     509   -202.02662964   -206.52718468    317.39  2022-01-12 Wed 20:51:17.74
     510   -202.02662551   -206.52626743    316.78  2022-01-12 Wed 20:51:28.31
     511   -202.02662098   -206.52531070    315.96  2022-01-12 Wed 20:51:38.95
     512   -202.02661556   -206.52436999    314.00  2022-01-12 Wed 20:51:49.58
     513   -202.02661001   -206.52358717    311.30  2022-01-12 Wed 20:52:00.19
     514   -202.02660566   -206.52310919    308.80  2022-01-12 Wed 20:52:10.83
     515   -202.02660353   -206.52299843    307.03  2022-01-12 Wed 20:52:21.41
     516   -202.02660372   -206.52319908    306.69  2022-01-12 Wed 20:52:32.11
     517   -202.02660584   -206.52352812    307.10  2022-01-12 Wed 20:52:42.77
     518   -202.02660670   -206.52376414    305.17  2022-01-12 Wed 20:52:53.50
     519   -202.02660580   -206.52381510    302.36  2022-01-12 Wed 20:53:04.24
     520   -202.02660245   -206.52365892    299.61  2022-01-12 Wed 20:53:14.99
     521   -202.02659744   -206.52335412    297.40  2022-01-12 Wed 20:53:25.98
     522   -202.02659248   -206.52302446    296.31  2022-01-12 Wed 20:53:37.07
     523   -202.02658892   -206.52278380    296.10  2022-01-12 Wed 20:53:47.79
     524   -202.02658785   -206.52269710    296.31  2022-01-12 Wed 20:53:58.33
     525   -202.02658927   -206.52273133    296.82  2022-01-12 Wed 20:54:08.88
     526   -202.02659077   -206.52271855    297.00  2022-01-12 Wed 20:54:19.46
     527   -202.02658908   -206.52248453    296.00  2022-01-12 Wed 20:54:30.41
     528   -202.02658269   -206.52205145    293.88  2022-01-12 Wed 20:54:41.01
     529   -202.02657368   -206.52166966    291.57  2022-01-12 Wed 20:54:51.42
     530   -202.02656533   -206.52167614    289.78  2022-01-12 Wed 20:55:02.04
     531   -202.02656079   -206.52234173    288.90  2022-01-12 Wed 20:55:13.27
     532   -202.02656242   -206.52378138    289.10  2022-01-12 Wed 20:55:23.96
     533   -202.02657039   -206.52591355    289.75  2022-01-12 Wed 20:55:34.70
     534   -202.02658244   -206.52851082    290.16  2022-01-12 Wed 20:55:45.44
     535   -202.02659498   -206.53133136    290.54  2022-01-12 Wed 20:55:56.15
     536   -202.02660625   -206.53419922    291.55  2022-01-12 Wed 20:56:06.83
     537   -202.02661603   -206.53699032    293.56  2022-01-12 Wed 20:56:17.54
     538   -202.02662456   -206.53959017    296.76  2022-01-12 Wed 20:56:28.22
     539   -202.02663293   -206.54182764    300.11  2022-01-12 Wed 20:56:38.93
     540   -202.02663950   -206.54352488    301.34  2022-01-12 Wed 20:56:50.34
     541   -202.02664432   -206.54463888    302.21  2022-01-12 Wed 20:57:01.65
     542   -202.02664642   -206.54516825    303.92  2022-01-12 Wed 20:57:12.36
     543   -202.02664565   -206.54507926    305.34  2022-01-12 Wed 20:57:23.13
     544   -202.02664214   -206.54436369    305.76  2022-01-12 Wed 20:57:33.78
     545   -202.02663673   -206.54307659    305.36  2022-01-12 Wed 20:57:44.50
     546   -202.02662984   -206.54134241    304.56  2022-01-12 Wed 20:57:55.24
     547   -202.02662236   -206.53934689    303.75  2022-01-12 Wed 20:58:05.91
     548   -202.02661494   -206.53729094    303.71  2022-01-12 Wed 20:58:16.62
     549   -202.02660827   -206.53533095    304.76  2022-01-12 Wed 20:58:27.39
     550   -202.02660249   -206.53354784    305.56  2022-01-12 Wed 20:58:38.05
     551   -202.02659763   -206.53196109    305.40  2022-01-12 Wed 20:58:48.79
     552   -202.02659331   -206.53054629    304.38  2022-01-12 Wed 20:58:59.44
     553   -202.02658945   -206.52929248    303.30  2022-01-12 Wed 20:59:10.40
     554   -202.02658626   -206.52823614    302.82  2022-01-12 Wed 20:59:21.10
     555   -202.02658410   -206.52742397    302.88  2022-01-12 Wed 20:59:31.79
     556   -202.02658304   -206.52686287    303.31  2022-01-12 Wed 20:59:42.69
     557   -202.02658305   -206.52649479    304.03  2022-01-12 Wed 20:59:53.50
     558   -202.02658319   -206.52621748    304.91  2022-01-12 Wed 21:00:04.64
     559   -202.02658319   -206.52594514    305.67  2022-01-12 Wed 21:00:15.41
     560   -202.02658276   -206.52566501    306.09  2022-01-12 Wed 21:00:26.29
     561   -202.02658199   -206.52541934    306.14  2022-01-12 Wed 21:00:37.41
     562   -202.02658124   -206.52522375    305.74  2022-01-12 Wed 21:00:48.05
     563   -202.02658089   -206.52506500    305.09  2022-01-12 Wed 21:00:58.66
     564   -202.02658109   -206.52497711    304.70  2022-01-12 Wed 21:01:09.32
     565   -202.02658110   -206.52502184    305.00  2022-01-12 Wed 21:01:20.06
     566   -202.02658163   -206.52522209    306.03  2022-01-12 Wed 21:01:31.59
     567   -202.02658173   -206.52558620    307.28  2022-01-12 Wed 21:01:42.68
     568   -202.02658128   -206.52614707    307.75  2022-01-12 Wed 21:01:53.41
     569   -202.02658056   -206.52693118    306.98  2022-01-12 Wed 21:02:04.16
     570   -202.02658038   -206.52793366    305.79  2022-01-12 Wed 21:02:14.78
     571   -202.02658120   -206.52910232    304.92  2022-01-12 Wed 21:02:25.41
     572   -202.02658316   -206.53034111    304.61  2022-01-12 Wed 21:02:36.05
     573   -202.02658573   -206.53155291    304.91  2022-01-12 Wed 21:02:46.65
     574   -202.02658829   -206.53265847    305.81  2022-01-12 Wed 21:02:57.35
     575   -202.02659035   -206.53359917    307.13  2022-01-12 Wed 21:03:07.92
     576   -202.02659149   -206.53435979    308.80  2022-01-12 Wed 21:03:18.53
     577   -202.02659174   -206.53496081    311.01  2022-01-12 Wed 21:03:29.26
     578   -202.02659115   -206.53540043    313.85  2022-01-12 Wed 21:03:39.88
     579   -202.02658946   -206.53560652    316.72  2022-01-12 Wed 21:03:50.44
     580   -202.02658645   -206.53546601    318.51  2022-01-12 Wed 21:04:01.15
     581   -202.02658166   -206.53492378    318.87  2022-01-12 Wed 21:04:11.87
     582   -202.02657462   -206.53403486    318.73  2022-01-12 Wed 21:04:22.67
     583   -202.02656517   -206.53292759    318.75  2022-01-12 Wed 21:04:33.33
     584   -202.02655373   -206.53178137    319.01  2022-01-12 Wed 21:04:43.95
     585   -202.02654174   -206.53082463    319.48  2022-01-12 Wed 21:04:54.52
     586   -202.02653158   -206.53029455    320.08  2022-01-12 Wed 21:05:05.10
     587   -202.02652566   -206.53037075    320.57  2022-01-12 Wed 21:05:15.90
     588   -202.02652592   -206.53112946    320.51  2022-01-12 Wed 21:05:26.34
     589   -202.02653241   -206.53255250    320.44  2022-01-12 Wed 21:05:36.79
     590   -202.02654328   -206.53446541    320.90  2022-01-12 Wed 21:05:48.44
     591   -202.02655477   -206.53646684    320.78  2022-01-12 Wed 21:05:59.66
     592   -202.02656479   -206.53814480    319.29  2022-01-12 Wed 21:06:10.49
     593   -202.02657287   -206.53934446    317.21  2022-01-12 Wed 21:06:21.14
     594   -202.02657863   -206.54014911    315.55  2022-01-12 Wed 21:06:31.80
     595   -202.02658277   -206.54070377    314.61  2022-01-12 Wed 21:06:42.44
     596   -202.02658528   -206.54111292    314.29  2022-01-12 Wed 21:06:53.19
     597   -202.02658647   -206.54142633    314.39  2022-01-12 Wed 21:07:03.99
     598   -202.02658622   -206.54165917    314.79  2022-01-12 Wed 21:07:14.62
     599   -202.02658449   -206.54181123    315.39  2022-01-12 Wed 21:07:25.26
     600   -202.02658168   -206.54186696    315.91  2022-01-12 Wed 21:07:36.84
     601   -202.02657818   -206.54180110    315.52  2022-01-12 Wed 21:07:47.59
     602   -202.02657455   -206.54165133    313.74  2022-01-12 Wed 21:07:58.21
     603   -202.02657155   -206.54154266    311.52  2022-01-12 Wed 21:08:09.22
     604   -202.02656954   -206.54156103    309.77  2022-01-12 Wed 21:08:19.65
     605   -202.02656803   -206.54168577    308.46  2022-01-12 Wed 21:08:30.12
     606   -202.02656703   -206.54184768    307.22  2022-01-12 Wed 21:08:40.57
     607   -202.02656590   -206.54200164    306.10  2022-01-12 Wed 21:08:51.14
     608   -202.02656473   -206.54214834    305.33  2022-01-12 Wed 21:09:01.73
     609   -202.02656337   -206.54231154    304.91  2022-01-12 Wed 21:09:12.32
     610   -202.02656217   -206.54250944    305.15  2022-01-12 Wed 21:09:23.09
     611   -202.02656110   -206.54273714    306.82  2022-01-12 Wed 21:09:33.74
     612   -202.02656087   -206.54297457    308.96  2022-01-12 Wed 21:09:44.62
     613   -202.02656130   -206.54322541    309.21  2022-01-12 Wed 21:09:55.38
     614   -202.02656376   -206.54347261    308.40  2022-01-12 Wed 21:10:06.63
     615   -202.02656744   -206.54364008    307.08  2022-01-12 Wed 21:10:17.53
     616   -202.02657127   -206.54364664    305.41  2022-01-12 Wed 21:10:28.35
     617   -202.02657373   -206.54342441    303.95  2022-01-12 Wed 21:10:39.07
     618   -202.02657411   -206.54291565    302.73  2022-01-12 Wed 21:10:49.77
     619   -202.02657234   -206.54208296    301.39  2022-01-12 Wed 21:11:00.45
     620   -202.02656899   -206.54092861    299.70  2022-01-12 Wed 21:11:11.05
     621   -202.02656410   -206.53951841    297.75  2022-01-12 Wed 21:11:21.92
     622   -202.02655743   -206.53797613    295.96  2022-01-12 Wed 21:11:32.87
     623   -202.02654951   -206.53644591    294.65  2022-01-12 Wed 21:11:43.57
     624   -202.02654161   -206.53507966    293.79  2022-01-12 Wed 21:11:54.11
     625   -202.02653500   -206.53405697    293.27  2022-01-12 Wed 21:12:04.75
     626   -202.02653201   -206.53356987    293.38  2022-01-12 Wed 21:12:15.35
     627   -202.02653331   -206.53374336    294.28  2022-01-12 Wed 21:12:27.18
     628   -202.02653862   -206.53451985    295.60  2022-01-12 Wed 21:12:38.01
     629   -202.02654575   -206.53559821    296.29  2022-01-12 Wed 21:12:49.92
     630   -202.02655253   -206.53660551    295.71  2022-01-12 Wed 21:13:00.92
     631   -202.02655831   -206.53737878    294.56  2022-01-12 Wed 21:13:11.60
     632   -202.02656298   -206.53798470    293.68  2022-01-12 Wed 21:13:22.40
     633   -202.02656702   -206.53855850    293.36  2022-01-12 Wed 21:13:33.20
     634   -202.02657060   -206.53919036    293.47  2022-01-12 Wed 21:13:43.98
     635   -202.02657385   -206.53989766    293.68  2022-01-12 Wed 21:13:54.84
     636   -202.02657655   -206.54065282    293.73  2022-01-12 Wed 21:14:05.64
     637   -202.02657866   -206.54142425    293.59  2022-01-12 Wed 21:14:16.33
     638   -202.02658037   -206.54218765    293.44  2022-01-12 Wed 21:14:27.22
     639   -202.02658187   -206.54290362    293.44  2022-01-12 Wed 21:14:38.03
     640   -202.02658310   -206.54349267    293.46  2022-01-12 Wed 21:14:48.78
     641   -202.02658363   -206.54384961    293.25  2022-01-12 Wed 21:14:59.51
     642   -202.02658243   -206.54392606    292.73  2022-01-12 Wed 21:15:10.32
     643   -202.02657934   -206.54381249    292.33  2022-01-12 Wed 21:15:21.04
     644   -202.02657577   -206.54368499    292.47  2022-01-12 Wed 21:15:31.79
     645   -202.02657326   -206.54366208    292.87  2022-01-12 Wed 21:15:42.60
     646   -202.02657262   -206.54374169    292.96  2022-01-12 Wed 21:15:53.47
     647   -202.02657185   -206.54385150    292.76  2022-01-12 Wed 21:16:04.27
     648   -202.02657086   -206.54392171    292.50  2022-01-12 Wed 21:16:14.90
     649   -202.02656804   -206.54391931    292.17  2022-01-12 Wed 21:16:25.48
     650   -202.02656432   -206.54384269    291.99  2022-01-12 Wed 21:16:36.09
     651   -202.02655987   -206.54369877    292.50  2022-01-12 Wed 21:16:46.70
     652   -202.02655524   -206.54349733    294.08  2022-01-12 Wed 21:16:57.30
     653   -202.02655112   -206.54326037    296.90  2022-01-12 Wed 21:17:08.73
     654   -202.02654761   -206.54301826    300.75  2022-01-12 Wed 21:17:19.57
     655   -202.02654529   -206.54279704    304.31  2022-01-12 Wed 21:17:30.15
     656   -202.02654416   -206.54261670    305.81  2022-01-12 Wed 21:17:41.03
     657   -202.02654456   -206.54249474    305.71  2022-01-12 Wed 21:17:51.61
     658   -202.02654615   -206.54242059    305.95  2022-01-12 Wed 21:18:02.84
     659   -202.02654808   -206.54232682    307.31  2022-01-12 Wed 21:18:13.69
     660   -202.02654935   -206.54212816    309.01  2022-01-12 Wed 21:18:25.53
     661   -202.02654924   -206.54178907    310.05  2022-01-12 Wed 21:18:36.30
     662   -202.02654740   -206.54131706    310.33  2022-01-12 Wed 21:18:47.24
     663   -202.02654337   -206.54067107    310.26  2022-01-12 Wed 21:18:57.96
     664   -202.02653740   -206.53972004    309.89  2022-01-12 Wed 21:19:09.91
     665   -202.02652898   -206.53840387    308.27  2022-01-12 Wed 21:19:21.30
     666   -202.02651831   -206.53693851    305.13  2022-01-12 Wed 21:19:32.50
     667   -202.02650782   -206.53568604    301.81  2022-01-12 Wed 21:19:43.30
     668   -202.02649946   -206.53485596    299.23  2022-01-12 Wed 21:19:54.13
     669   -202.02649414   -206.53444102    297.15  2022-01-12 Wed 21:20:04.86
     670   -202.02649174   -206.53436963    295.23  2022-01-12 Wed 21:20:15.78
     671   -202.02649227   -206.53465470    293.75  2022-01-12 Wed 21:20:26.54
     672   -202.02649535   -206.53540416    293.44  2022-01-12 Wed 21:20:37.30
     673   -202.02650170   -206.53663283    293.94  2022-01-12 Wed 21:20:48.17
     674   -202.02650922   -206.53806768    293.19  2022-01-12 Wed 21:20:58.97
     675   -202.02651594   -206.53944528    292.08  2022-01-12 Wed 21:21:09.66
     676   -202.02652130   -206.54070078    291.79  2022-01-12 Wed 21:21:20.41
     677   -202.02652580   -206.54180920    292.09  2022-01-12 Wed 21:21:31.16
     678   -202.02653009   -206.54271732    292.58  2022-01-12 Wed 21:21:41.95
     679   -202.02653378   -206.54331451    292.78  2022-01-12 Wed 21:21:52.64
     680   -202.02653569   -206.54343200    292.36  2022-01-12 Wed 21:22:03.39
     681   -202.02653522   -206.54293785    291.60  2022-01-12 Wed 21:22:14.16
     682   -202.02653256   -206.54184684    291.06  2022-01-12 Wed 21:22:24.88
     683   -202.02652817   -206.54031106    290.92  2022-01-12 Wed 21:22:35.60
     684   -202.02652276   -206.53854728    291.01  2022-01-12 Wed 21:22:46.29
     685   -202.02651804   -206.53678402    291.28  2022-01-12 Wed 21:22:57.01
     686   -202.02651444   -206.53523290    291.88  2022-01-12 Wed 21:23:07.82
     687   -202.02651264   -206.53406259    292.83  2022-01-12 Wed 21:23:18.58
     688   -202.02651245   -206.53334327    293.78  2022-01-12 Wed 21:23:29.39
     689   -202.02651253   -206.53299678    294.15  2022-01-12 Wed 21:23:40.03
     690   -202.02651275   -206.53290410    293.82  2022-01-12 Wed 21:23:50.74
     691   -202.02651429   -206.53306913    293.53  2022-01-12 Wed 21:24:01.83
     692   -202.02651811   -206.53353565    294.03  2022-01-12 Wed 21:24:13.06
     693   -202.02652392   -206.53420347    295.24  2022-01-12 Wed 21:24:23.68
     694   -202.02653067   -206.53479353    296.41  2022-01-12 Wed 21:24:34.36
     695   -202.02653653   -206.53497703    296.92  2022-01-12 Wed 21:24:45.33
     696   -202.02654092   -206.53455442    296.61  2022-01-12 Wed 21:24:56.33
     697   -202.02654221   -206.53354746    295.68  2022-01-12 Wed 21:25:07.25
     698   -202.02654111   -206.53209804    294.59  2022-01-12 Wed 21:25:18.41
     699   -202.02653700   -206.53031756    292.75  2022-01-12 Wed 21:25:29.13
     700   -202.02653003   -206.52834168    290.12  2022-01-12 Wed 21:25:40.09
     701   -202.02652209   -206.52637402    288.10  2022-01-12 Wed 21:25:50.71
     702   -202.02651504   -206.52458713    287.77  2022-01-12 Wed 21:26:01.31
     703   -202.02651037   -206.52306672    288.76  2022-01-12 Wed 21:26:11.89
     704   -202.02650829   -206.52185953    289.36  2022-01-12 Wed 21:26:22.51
     705   -202.02650817   -206.52101043    289.11  2022-01-12 Wed 21:26:33.37
     706   -202.02650934   -206.52051330    288.61  2022-01-12 Wed 21:26:44.11
     707   -202.02651120   -206.52031334    288.29  2022-01-12 Wed 21:26:54.87
     708   -202.02651352   -206.52035283    288.56  2022-01-12 Wed 21:27:05.63
     709   -202.02651584   -206.52058047    289.22  2022-01-12 Wed 21:27:16.37
     710   -202.02651772   -206.52094131    289.93  2022-01-12 Wed 21:27:27.48
     711   -202.02651861   -206.52137281    290.67  2022-01-12 Wed 21:27:38.16
     712   -202.02651795   -206.52181845    291.55  2022-01-12 Wed 21:27:48.77
     713   -202.02651549   -206.52225442    292.69  2022-01-12 Wed 21:27:59.75
     714   -202.02651114   -206.52271071    294.21  2022-01-12 Wed 21:28:10.44
     715   -202.02650514   -206.52327524    296.30  2022-01-12 Wed 21:28:21.11
     716   -202.02649872   -206.52407928    299.26  2022-01-12 Wed 21:28:31.76
     717   -202.02649357   -206.52525086    303.31  2022-01-12 Wed 21:28:42.70
     718   -202.02649115   -206.52682422    307.97  2022-01-12 Wed 21:28:53.46
     719   -202.02649218   -206.52867438    311.84  2022-01-12 Wed 21:29:04.23
     720   -202.02649620   -206.53060642    313.91  2022-01-12 Wed 21:29:15.12
     721   -202.02650266   -206.53251010    314.57  2022-01-12 Wed 21:29:25.92
     722   -202.02651071   -206.53434719    314.87  2022-01-12 Wed 21:29:37.16
     723   -202.02651901   -206.53606109    315.26  2022-01-12 Wed 21:29:48.27
     724   -202.02652658   -206.53757250    315.71  2022-01-12 Wed 21:29:59.54
     725   -202.02653255   -206.53881949    316.32  2022-01-12 Wed 21:30:10.80
     726   -202.02653711   -206.53977698    317.38  2022-01-12 Wed 21:30:22.03
     727   -202.02654023   -206.54044852    319.11  2022-01-12 Wed 21:30:33.23
     728   -202.02654151   -206.54082306    321.24  2022-01-12 Wed 21:30:44.51
     729   -202.02654062   -206.54084417    322.64  2022-01-12 Wed 21:30:55.74
     730   -202.02653694   -206.54045151    322.24  2022-01-12 Wed 21:31:06.99
     731   -202.02653072   -206.53965021    320.40  2022-01-12 Wed 21:31:18.16
     732   -202.02652322   -206.53853608    318.33  2022-01-12 Wed 21:31:29.20
     733   -202.02651635   -206.53727916    316.75  2022-01-12 Wed 21:31:39.94
     734   -202.02651143   -206.53606065    315.90  2022-01-12 Wed 21:31:50.74
     735   -202.02650854   -206.53498068    315.68  2022-01-12 Wed 21:32:01.65
     736   -202.02650695   -206.53404239    315.85  2022-01-12 Wed 21:32:12.49
     737   -202.02650597   -206.53318968    316.27  2022-01-12 Wed 21:32:23.22
     738   -202.02650455   -206.53233145    316.94  2022-01-12 Wed 21:32:33.96
     739   -202.02650221   -206.53137097    317.80  2022-01-12 Wed 21:32:44.72
     740   -202.02649839   -206.53029078    318.21  2022-01-12 Wed 21:32:55.40
     741   -202.02649349   -206.52923733    318.06  2022-01-12 Wed 21:33:05.69
     742   -202.02648923   -206.52842066    318.38  2022-01-12 Wed 21:33:16.05
     743   -202.02648659   -206.52796684    319.96  2022-01-12 Wed 21:33:26.48
     744   -202.02648669   -206.52790691    321.13  2022-01-12 Wed 21:33:36.86
     745   -202.02648809   -206.52818977    319.70  2022-01-12 Wed 21:33:47.27
     746   -202.02649077   -206.52871706    317.80  2022-01-12 Wed 21:33:57.67
     747   -202.02649397   -206.52937609    316.61  2022-01-12 Wed 21:34:08.40
     748   -202.02649730   -206.53006385    315.36  2022-01-12 Wed 21:34:18.93
     749   -202.02650021   -206.53069791    313.91  2022-01-12 Wed 21:34:29.50
     750   -202.02650210   -206.53120043    312.65  2022-01-12 Wed 21:34:40.25
     751   -202.02650219   -206.53148104    311.81  2022-01-12 Wed 21:34:51.13
     752   -202.02650000   -206.53145709    311.04  2022-01-12 Wed 21:35:01.86
     753   -202.02649602   -206.53112903    309.86  2022-01-12 Wed 21:35:12.51
     754   -202.02649144   -206.53061290    308.32  2022-01-12 Wed 21:35:23.45
     755   -202.02648722   -206.53006843    306.84  2022-01-12 Wed 21:35:34.30
     756   -202.02648391   -206.52958265    305.70  2022-01-12 Wed 21:35:45.33
     757   -202.02648130   -206.52910755    304.35  2022-01-12 Wed 21:35:55.91
     758   -202.02647893   -206.52854631    302.00  2022-01-12 Wed 21:36:06.62
     759   -202.02647701   -206.52788423    298.83  2022-01-12 Wed 21:36:17.43
     760   -202.02647585   -206.52717699    295.52  2022-01-12 Wed 21:36:28.37
     761   -202.02647543   -206.52647270    292.57  2022-01-12 Wed 21:36:41.89
     762   -202.02647549   -206.52576010    290.29  2022-01-12 Wed 21:36:52.50
     763   -202.02647564   -206.52494816    288.48  2022-01-12 Wed 21:37:03.15
     764   -202.02647472   -206.52392467    286.69  2022-01-12 Wed 21:37:14.51
     765   -202.02647133   -206.52266916    285.05  2022-01-12 Wed 21:37:25.19
     766   -202.02646541   -206.52126503    284.00  2022-01-12 Wed 21:37:36.02
     767   -202.02645794   -206.51983016    283.60  2022-01-12 Wed 21:37:46.92
     768   -202.02644989   -206.51850503    283.93  2022-01-12 Wed 21:37:57.73
     769   -202.02644305   -206.51746988    285.06  2022-01-12 Wed 21:38:08.42
     770   -202.02643827   -206.51691949    287.01  2022-01-12 Wed 21:38:19.13
     771   -202.02643700   -206.51699974    289.49  2022-01-12 Wed 21:38:29.86
     772   -202.02643998   -206.51775709    291.89  2022-01-12 Wed 21:38:40.81
     773   -202.02644653   -206.51910877    294.41  2022-01-12 Wed 21:38:51.70
     774   -202.02645471   -206.52082697    297.02  2022-01-12 Wed 21:39:02.45
     775   -202.02646139   -206.52261460    299.00  2022-01-12 Wed 21:39:13.22
     776   -202.02646507   -206.52425085    300.31  2022-01-12 Wed 21:39:24.03
     777   -202.02646593   -206.52567947    301.36  2022-01-12 Wed 21:39:34.88
     778   -202.02646553   -206.52695929    302.57  2022-01-12 Wed 21:39:45.69
     779   -202.02646460   -206.52813102    303.95  2022-01-12 Wed 21:39:56.37
     780   -202.02646367   -206.52919060    305.13  2022-01-12 Wed 21:40:07.00
     781   -202.02646355   -206.53018002    306.27  2022-01-12 Wed 21:40:17.84
     782   -202.02646479   -206.53119457    307.71  2022-01-12 Wed 21:40:28.43
     783   -202.02646830   -206.53230192    309.49  2022-01-12 Wed 21:40:39.02
     784   -202.02647337   -206.53349519    310.70  2022-01-12 Wed 21:40:49.59
     785   -202.02647836   -206.53472719    310.56  2022-01-12 Wed 21:41:00.32
     786   -202.02648265   -206.53595421    309.96  2022-01-12 Wed 21:41:10.95
     787   -202.02648535   -206.53712245    310.30  2022-01-12 Wed 21:41:21.63
     788   -202.02648671   -206.53815900    312.50  2022-01-12 Wed 21:41:32.38
     789   -202.02648709   -206.53896562    315.11  2022-01-12 Wed 21:41:43.18
     790   -202.02648621   -206.53944665    315.40  2022-01-12 Wed 21:41:53.88
     791   -202.02648479   -206.53957145    314.10  2022-01-12 Wed 21:42:04.50
     792   -202.02648294   -206.53935604    313.04  2022-01-12 Wed 21:42:15.31
     793   -202.02648055   -206.53882215    312.72  2022-01-12 Wed 21:42:26.05
     794   -202.02647800   -206.53799824    313.15  2022-01-12 Wed 21:42:36.76
     795   -202.02647531   -206.53694549    313.45  2022-01-12 Wed 21:42:47.46
     796   -202.02647179   -206.53576937    313.11  2022-01-12 Wed 21:42:58.18
     797   -202.02646725   -206.53454475    312.80  2022-01-12 Wed 21:43:09.75
     798   -202.02646192   -206.53327113    312.75  2022-01-12 Wed 21:43:20.39
     799   -202.02645656   -206.53188807    312.66  2022-01-12 Wed 21:43:31.02
     800   -202.02645118   -206.53029890    311.98  2022-01-12 Wed 21:43:41.61
     801   -202.02644534   -206.52847201    310.86  2022-01-12 Wed 21:43:53.07
     802   -202.02643906   -206.52650298    309.85  2022-01-12 Wed 21:44:03.63
     803   -202.02643297   -206.52452749    309.18  2022-01-12 Wed 21:44:14.25
     804   -202.02642858   -206.52260079    307.62  2022-01-12 Wed 21:44:24.96
     805   -202.02642428   -206.52083422    304.63  2022-01-12 Wed 21:44:35.64
     806   -202.02642117   -206.51952808    302.22  2022-01-12 Wed 21:44:46.25
     807   -202.02642177   -206.51889682    301.49  2022-01-12 Wed 21:44:56.87
     808   -202.02642685   -206.51891436    302.29  2022-01-12 Wed 21:45:07.74
     809   -202.02643533   -206.51938252    303.58  2022-01-12 Wed 21:45:18.55
     810   -202.02644501   -206.52005943    304.08  2022-01-12 Wed 21:45:29.57
     811   -202.02645383   -206.52076569    303.60  2022-01-12 Wed 21:45:40.26
     812   -202.02646047   -206.52140337    303.28  2022-01-12 Wed 21:45:51.09
     813   -202.02646348   -206.52188506    303.67  2022-01-12 Wed 21:46:01.89
     814   -202.02646230   -206.52210849    303.88  2022-01-12 Wed 21:46:12.68
     815   -202.02645734   -206.52206451    303.05  2022-01-12 Wed 21:46:23.49
     816   -202.02645010   -206.52191948    301.35  2022-01-12 Wed 21:46:34.20
     817   -202.02644284   -206.52193047    299.31  2022-01-12 Wed 21:46:44.89
     818   -202.02643748   -206.52231280    297.86  2022-01-12 Wed 21:46:55.71
     819   -202.02643558   -206.52315979    297.76  2022-01-12 Wed 21:47:06.53
     820   -202.02643703   -206.52440682    298.93  2022-01-12 Wed 21:47:17.34
     821   -202.02644091   -206.52586632    300.40  2022-01-12 Wed 21:47:28.43
     822   -202.02644616   -206.52733171    301.07  2022-01-12 Wed 21:47:39.29
     823   -202.02645191   -206.52867244    301.38  2022-01-12 Wed 21:47:50.16
     824   -202.02645755   -206.52979738    302.35  2022-01-12 Wed 21:48:00.92
     825   -202.02646224   -206.53057737    303.85  2022-01-12 Wed 21:48:11.70
     826   -202.02646457   -206.53088672    305.29  2022-01-12 Wed 21:48:22.42
     827   -202.02646339   -206.53066457    306.38  2022-01-12 Wed 21:48:33.40
     828   -202.02645875   -206.52989029    306.61  2022-01-12 Wed 21:48:44.14
     829   -202.02645252   -206.52858590    305.83  2022-01-12 Wed 21:48:54.87
     830   -202.02644584   -206.52685388    304.76  2022-01-12 Wed 21:49:05.64
     831   -202.02643796   -206.52485855    304.08  2022-01-12 Wed 21:49:16.56
     832   -202.02642906   -206.52277771    303.77  2022-01-12 Wed 21:49:27.58
     833   -202.02641949   -206.52073166    302.65  2022-01-12 Wed 21:49:38.34
     834   -202.02640940   -206.51879393    301.24  2022-01-12 Wed 21:49:48.89
     835   -202.02639891   -206.51707132    300.71  2022-01-12 Wed 21:49:59.60
     836   -202.02638834   -206.51571424    299.75  2022-01-12 Wed 21:50:10.21
     837   -202.02637870   -206.51489164    297.35  2022-01-12 Wed 21:50:20.85
     838   -202.02637238   -206.51475572    295.15  2022-01-12 Wed 21:50:31.51
     839   -202.02637102   -206.51539134    293.84  2022-01-12 Wed 21:50:42.12
     840   -202.02637535   -206.51678493    292.67  2022-01-12 Wed 21:50:52.88
     841   -202.02638445   -206.51882171    291.43  2022-01-12 Wed 21:51:03.61
     842   -202.02639604   -206.52128589    290.36  2022-01-12 Wed 21:51:14.64
     843   -202.02640668   -206.52390003    289.68  2022-01-12 Wed 21:51:25.46
     844   -202.02641381   -206.52642336    289.74  2022-01-12 Wed 21:51:36.24
     845   -202.02641681   -206.52874160    290.73  2022-01-12 Wed 21:51:47.34
     846   -202.02641662   -206.53085161    292.62  2022-01-12 Wed 21:51:58.35
     847   -202.02641449   -206.53275216    294.95  2022-01-12 Wed 21:52:09.22
     848   -202.02641192   -206.53439967    296.95  2022-01-12 Wed 21:52:19.97
     849   -202.02641023   -206.53577615    298.48  2022-01-12 Wed 21:52:30.68
     850   -202.02640905   -206.53692291    299.68  2022-01-12 Wed 21:52:41.53
     851   -202.02640869   -206.53791134    300.59  2022-01-12 Wed 21:52:52.38
     852   -202.02640844   -206.53881726    301.31  2022-01-12 Wed 21:53:03.38
     853   -202.02640855   -206.53970320    301.91  2022-01-12 Wed 21:53:14.12
     854   -202.02640879   -206.54060332    302.47  2022-01-12 Wed 21:53:24.84
     855   -202.02640900   -206.54151680    303.09  2022-01-12 Wed 21:53:35.55
     856   -202.02640886   -206.54241890    303.68  2022-01-12 Wed 21:53:46.31
     857   -202.02640808   -206.54328419    304.03  2022-01-12 Wed 21:53:57.15
     858   -202.02640699   -206.54408937    303.95  2022-01-12 Wed 21:54:08.02
     859   -202.02640600   -206.54479111    303.46  2022-01-12 Wed 21:54:18.78
     860   -202.02640496   -206.54531226    302.78  2022-01-12 Wed 21:54:29.69
     861   -202.02640319   -206.54556828    301.90  2022-01-12 Wed 21:54:40.50
     862   -202.02640017   -206.54554057    300.39  2022-01-12 Wed 21:54:51.29
     863   -202.02639606   -206.54531964    298.40  2022-01-12 Wed 21:55:01.90
     864   -202.02639170   -206.54504703    296.75  2022-01-12 Wed 21:55:12.74
     865   -202.02638852   -206.54482929    295.93  2022-01-12 Wed 21:55:23.33
     866   -202.02638696   -206.54470288    296.06  2022-01-12 Wed 21:55:33.80
     867   -202.02638721   -206.54463480    297.06  2022-01-12 Wed 21:55:44.22
     868   -202.02638882   -206.54453851    298.26  2022-01-12 Wed 21:55:54.65
     869   -202.02639110   -206.54432071    298.80  2022-01-12 Wed 21:56:05.12
     870   -202.02639372   -206.54393393    298.87  2022-01-12 Wed 21:56:15.52
     871   -202.02639618   -206.54334756    299.66  2022-01-12 Wed 21:56:26.12
     872   -202.02639681   -206.54246998    301.82  2022-01-12 Wed 21:56:36.77
     873   -202.02639581   -206.54115954    305.03  2022-01-12 Wed 21:56:47.38
     874   -202.02639322   -206.53930878    308.38  2022-01-12 Wed 21:56:58.40
     875   -202.02638883   -206.53689472    310.88  2022-01-12 Wed 21:57:09.66
     876   -202.02638334   -206.53396888    312.11  2022-01-12 Wed 21:57:21.50
     877   -202.02637602   -206.53063791    312.05  2022-01-12 Wed 21:57:32.50
     878   -202.02636733   -206.52707769    310.42  2022-01-12 Wed 21:57:43.20
     879   -202.02635781   -206.52353182    307.45  2022-01-12 Wed 21:57:53.91
     880   -202.02634805   -206.52024982    304.39  2022-01-12 Wed 21:58:04.80
     881   -202.02633950   -206.51741034    301.83  2022-01-12 Wed 21:58:15.52
     882   -202.02633259   -206.51509405    299.30  2022-01-12 Wed 21:58:26.24
     883   -202.02632753   -206.51330522    296.78  2022-01-12 Wed 21:58:36.90
     884   -202.02632472   -206.51201095    294.82  2022-01-12 Wed 21:58:47.61
     885   -202.02632391   -206.51117370    293.83  2022-01-12 Wed 21:58:58.32
     886   -202.02632500   -206.51077176    293.93  2022-01-12 Wed 21:59:09.24
     887   -202.02632772   -206.51080344    294.63  2022-01-12 Wed 21:59:19.96
     888   -202.02633182   -206.51125727    295.38  2022-01-12 Wed 21:59:30.80
     889   -202.02633695   -206.51203554    295.37  2022-01-12 Wed 21:59:41.66
     890   -202.02634238   -206.51293913    293.66  2022-01-12 Wed 21:59:52.65
     891   -202.02634761   -206.51377681    291.13  2022-01-12 Wed 22:00:03.46
     892   -202.02635143   -206.51447033    289.54  2022-01-12 Wed 22:00:14.43
     893   -202.02635345   -206.51505683    289.88  2022-01-12 Wed 22:00:25.13
     894   -202.02635439   -206.51557959    291.48  2022-01-12 Wed 22:00:35.74
     895   -202.02635472   -206.51602308    292.23  2022-01-12 Wed 22:00:46.39
     896   -202.02635417   -206.51640322    291.64  2022-01-12 Wed 22:00:57.15
     897   -202.02635283   -206.51679237    290.98  2022-01-12 Wed 22:01:08.25
     898   -202.02635095   -206.51721516    290.74  2022-01-12 Wed 22:01:19.11
     899   -202.02634875   -206.51762575    290.74  2022-01-12 Wed 22:01:29.69
     900   -202.02634562   -206.51798551    290.54  2022-01-12 Wed 22:01:40.63
     901   -202.02634134   -206.51834538    289.96  2022-01-12 Wed 22:01:51.50
     902   -202.02633660   -206.51883666    289.59  2022-01-12 Wed 22:02:02.26
     903   -202.02633282   -206.51960418    290.00  2022-01-12 Wed 22:02:12.98
     904   -202.02633204   -206.52075814    291.00  2022-01-12 Wed 22:02:23.75
     905   -202.02633511   -206.52234762    291.51  2022-01-12 Wed 22:02:34.60
     906   -202.02634187   -206.52435442    291.14  2022-01-12 Wed 22:02:45.36
     907   -202.02635191   -206.52669424    291.03  2022-01-12 Wed 22:02:56.06
     908   -202.02636426   -206.52920226    291.80  2022-01-12 Wed 22:03:06.88
     909   -202.02637698   -206.53161936    293.03  2022-01-12 Wed 22:03:17.60
     910   -202.02638795   -206.53366001    294.12  2022-01-12 Wed 22:03:28.37
     911   -202.02639463   -206.53514514    295.13  2022-01-12 Wed 22:03:39.14
     912   -202.02639655   -206.53604114    296.32  2022-01-12 Wed 22:03:49.88
     913   -202.02639451   -206.53640622    297.82  2022-01-12 Wed 22:04:00.67
     914   -202.02638971   -206.53633567    299.54  2022-01-12 Wed 22:04:11.41
     915   -202.02638344   -206.53592785    301.31  2022-01-12 Wed 22:04:22.12
     916   -202.02637676   -206.53526416    303.11  2022-01-12 Wed 22:04:32.81
     917   -202.02637044   -206.53439425    304.99  2022-01-12 Wed 22:04:43.54
     918   -202.02636472   -206.53332987    306.79  2022-01-12 Wed 22:04:54.40
     919   -202.02635889   -206.53205711    308.19  2022-01-12 Wed 22:05:05.18
     920   -202.02635243   -206.53057150    308.88  2022-01-12 Wed 22:05:15.86
     921   -202.02634530   -206.52893872    308.88  2022-01-12 Wed 22:05:26.72
     922   -202.02633881   -206.52732757    308.87  2022-01-12 Wed 22:05:37.42
     923   -202.02633463   -206.52593123    309.79  2022-01-12 Wed 22:05:48.25
     924   -202.02633357   -206.52486895    311.82  2022-01-12 Wed 22:05:58.97
     925   -202.02633565   -206.52418073    314.14  2022-01-12 Wed 22:06:10.02
     926   -202.02634019   -206.52385175    315.62  2022-01-12 Wed 22:06:20.58
     927   -202.02634559   -206.52380578    315.77  2022-01-12 Wed 22:06:31.18
     928   -202.02634970   -206.52391030    314.99  2022-01-12 Wed 22:06:41.85
     929   -202.02635125   -206.52405091    313.71  2022-01-12 Wed 22:06:52.50
     930   -202.02635098   -206.52421189    312.34  2022-01-12 Wed 22:07:03.28
     931   -202.02635021   -206.52445924    311.42  2022-01-12 Wed 22:07:14.10
     932   -202.02635057   -206.52487674    311.51  2022-01-12 Wed 22:07:24.69
     933   -202.02635267   -206.52551053    312.67  2022-01-12 Wed 22:07:35.26
     934   -202.02635682   -206.52630297    313.01  2022-01-12 Wed 22:07:46.05
     935   -202.02636120   -206.52710462    310.71  2022-01-12 Wed 22:07:56.72
     936   -202.02636512   -206.52780971    307.71  2022-01-12 Wed 22:08:07.43
     937   -202.02636818   -206.52839715    305.87  2022-01-12 Wed 22:08:18.10
     938   -202.02637047   -206.52887685    304.97  2022-01-12 Wed 22:08:28.74
     939   -202.02637208   -206.52926420    304.03  2022-01-12 Wed 22:08:39.33
     940   -202.02637317   -206.52957760    302.86  2022-01-12 Wed 22:08:49.95
     941   -202.02637386   -206.52982898    301.98  2022-01-12 Wed 22:09:00.61
     942   -202.02637410   -206.53001037    301.44  2022-01-12 Wed 22:09:11.27
     943   -202.02637320   -206.53009691    300.72  2022-01-12 Wed 22:09:21.88
     944   -202.02637039   -206.53007465    299.34  2022-01-12 Wed 22:09:32.46
     945   -202.02636523   -206.52997377    297.51  2022-01-12 Wed 22:09:43.38
     946   -202.02635787   -206.52986282    295.62  2022-01-12 Wed 22:09:53.98
     947   -202.02634886   -206.52981850    293.45  2022-01-12 Wed 22:10:04.59
     948   -202.02634003   -206.52992975    291.33  2022-01-12 Wed 22:10:15.34
     949   -202.02633299   -206.53029649    289.80  2022-01-12 Wed 22:10:25.91
     950   -202.02632940   -206.53098560    288.57  2022-01-12 Wed 22:10:36.54
     951   -202.02632909   -206.53201050    287.42  2022-01-12 Wed 22:10:46.97
     952   -202.02633187   -206.53336299    286.90  2022-01-12 Wed 22:10:57.43
     953   -202.02633729   -206.53503897    287.60  2022-01-12 Wed 22:11:07.90
     954   -202.02634477   -206.53699075    289.12  2022-01-12 Wed 22:11:18.34
     955   -202.02635360   -206.53905917    290.49  2022-01-12 Wed 22:11:28.98
     956   -202.02636385   -206.54101259    292.21  2022-01-12 Wed 22:11:39.69
     957   -202.02637314   -206.54261073    293.90  2022-01-12 Wed 22:11:50.41
     958   -202.02637989   -206.54366163    295.17  2022-01-12 Wed 22:12:01.25
     959   -202.02638074   -206.54405916    296.04  2022-01-12 Wed 22:12:11.95
     960   -202.02637482   -206.54384468    296.21  2022-01-12 Wed 22:12:22.80
     961   -202.02636405   -206.54321975    295.54  2022-01-12 Wed 22:12:33.43
     962   -202.02635217   -206.54247643    294.45  2022-01-12 Wed 22:12:43.81
     963   -202.02634240   -206.54190600    293.45  2022-01-12 Wed 22:12:54.19
     964   -202.02633610   -206.54171797    292.78  2022-01-12 Wed 22:13:04.59
     965   -202.02633401   -206.54202491    292.58  2022-01-12 Wed 22:13:15.17
     966   -202.02633626   -206.54285787    293.01  2022-01-12 Wed 22:13:25.59
     967   -202.02634203   -206.54416668    294.09  2022-01-12 Wed 22:13:36.07
     968   -202.02634995   -206.54582362    295.67  2022-01-12 Wed 22:13:46.59
     969   -202.02635841   -206.54766192    297.62  2022-01-12 Wed 22:13:57.17
     970   -202.02636609   -206.54953074    299.74  2022-01-12 Wed 22:14:07.78
     971   -202.02637256   -206.55132266    301.54  2022-01-12 Wed 22:14:18.43
     972   -202.02637750   -206.55297328    302.42  2022-01-12 Wed 22:14:29.12
     973   -202.02638123   -206.55444743    302.43  2022-01-12 Wed 22:14:39.85
     974   -202.02638402   -206.55569784    302.21  2022-01-12 Wed 22:14:50.40
     975   -202.02638581   -206.55661399    302.46  2022-01-12 Wed 22:15:01.42
     976   -202.02638672   -206.55701039    302.74  2022-01-12 Wed 22:15:12.76
     977   -202.02638498   -206.55672745    301.80  2022-01-12 Wed 22:15:23.59
     978   -202.02638010   -206.55581244    299.82  2022-01-12 Wed 22:15:34.28
     979   -202.02637268   -206.55449911    298.20  2022-01-12 Wed 22:15:44.88
     980   -202.02636462   -206.55298756    297.54  2022-01-12 Wed 22:15:55.64
     981   -202.02635705   -206.55136651    297.83  2022-01-12 Wed 22:16:06.22
     982   -202.02635057   -206.54970397    298.56  2022-01-12 Wed 22:16:17.22
     983   -202.02634668   -206.54813963    298.80  2022-01-12 Wed 22:16:27.79
     984   -202.02634634   -206.54683673    298.48  2022-01-12 Wed 22:16:38.40
     985   -202.02634892   -206.54582625    298.28  2022-01-12 Wed 22:16:48.94
     986   -202.02635193   -206.54499359    298.50  2022-01-12 Wed 22:16:59.64
     987   -202.02635365   -206.54421374    299.15  2022-01-12 Wed 22:17:10.24
     988   -202.02635354   -206.54342172    300.19  2022-01-12 Wed 22:17:20.95
     989   -202.02635131   -206.54260994    301.50  2022-01-12 Wed 22:17:31.82
     990   -202.02634692   -206.54184447    302.79  2022-01-12 Wed 22:17:42.62
     991   -202.02634114   -206.54126586    303.75  2022-01-12 Wed 22:17:53.38
     992   -202.02633641   -206.54102780    304.24  2022-01-12 Wed 22:18:04.13
     993   -202.02633547   -206.54123097    304.38  2022-01-12 Wed 22:18:14.86
     994   -202.02634026   -206.54188025    304.33  2022-01-12 Wed 22:18:26.09
     995   -202.02634966   -206.54282663    303.93  2022-01-12 Wed 22:18:36.74
     996   -202.02635949   -206.54374572    302.79  2022-01-12 Wed 22:18:47.38
     997   -202.02636572   -206.54428665    301.14  2022-01-12 Wed 22:18:58.12
     998   -202.02636700   -206.54424398    299.76  2022-01-12 Wed 22:19:08.76
     999   -202.02636366   -206.54353515    298.59  2022-01-12 Wed 22:19:19.55
    1000   -202.02635613   -206.54214268    296.29  2022-01-12 Wed 22:19:30.46
