====================================================================
   i   j      r [au]   pdf: d(r)   rdf: g(r)   cn: n1(r)   cn: n2(r)
--------------------------------------------------------------------
   1   1      1.0000      0.0000      0.0000      0.0000      0.0000
   1   1      1.0100      0.0000      0.0000      0.0000      0.0000
   1   1      1.0200      0.0000      0.0000      0.0000      0.0000
   1   1      1.0300      0.0000      0.0000      0.0000      0.0000
   1   1      1.0400      0.0000      0.0000      0.0000      0.0000
   1   1      1.0500      0.0000      0.0000      0.0000      0.0000
   1   1      1.0600      0.0000      0.0000      0.0000      0.0000
   1   1      1.0700      0.0000      0.0000      0.0000      0.0000
   1   1      1.0800      0.0000      0.0000      0.0000      0.0000
   1   1      1.0900      0.0000      0.0000      0.0000      0.0000
   1   1      1.1000      0.0000      0.0000      0.0000      0.0000
   1   1      1.1100      0.0000      0.0000      0.0000      0.0000
   1   1      1.1200      0.0000      0.0000      0.0000      0.0000
   1   1      1.1300      0.0000      0.0000      0.0000      0.0000
   1   1      1.1400      0.0000      0.0000      0.0000      0.0000
   1   1      1.1500      0.0000      0.0000      0.0000      0.0000
   1   1      1.1600      0.0000      0.0000      0.0000      0.0000
   1   1      1.1700      0.0000      0.0000      0.0000      0.0000
   1   1      1.1800      0.0000      0.0000      0.0000      0.0000
   1   1      1.1900      0.0000      0.0000      0.0000      0.0000
   1   1      1.2000      0.0000      0.0000      0.0000      0.0000
   1   1      1.2100      0.0000      0.0000      0.0000      0.0000
   1   1      1.2200      0.0000      0.0000      0.0000      0.0000
   1   1      1.2300      0.0000      0.0000      0.0000      0.0000
   1   1      1.2400      0.0000      0.0000      0.0000      0.0000
   1   1      1.2500      0.0000      0.0000      0.0000      0.0000
   1   1      1.2600      0.0000      0.0000      0.0000      0.0000
   1   1      1.2700      0.0000      0.0000      0.0000      0.0000
   1   1      1.2800      0.0000      0.0000      0.0000      0.0000
   1   1      1.2900      0.0000      0.0023      0.0000      0.0000
   1   1      1.3000      0.0000      0.0000      0.0000      0.0000
   1   1      1.3100      0.0000      0.0000      0.0000      0.0000
   1   1      1.3200      0.0000      0.0011      0.0000      0.0000
   1   1      1.3300      0.0000      0.0000      0.0000      0.0000
   1   1      1.3400      0.0000      0.0011      0.0000      0.0000
   1   1      1.3500      0.0000      0.0000      0.0000      0.0000
   1   1      1.3600      0.0000      0.0000      0.0000      0.0000
   1   1      1.3700      0.0000      0.0010      0.0000      0.0000
   1   1      1.3800      0.0000      0.0000      0.0000      0.0000
   1   1      1.3900      0.0000      0.0010      0.0000      0.0000
   1   1      1.4000      0.0000      0.0010      0.0000      0.0000
   1   1      1.4100      0.0000      0.0000      0.0000      0.0000
   1   1      1.4200      0.0000      0.0000      0.0000      0.0000
   1   1      1.4300      0.0000      0.0009      0.0000      0.0000
   1   1      1.4400      0.0000      0.0009      0.0000      0.0000
   1   1      1.4500      0.0000      0.0000      0.0000      0.0000
   1   1      1.4600      0.0001      0.0054      0.0001      0.0001
   1   1      1.4700      0.0001      0.0079      0.0001      0.0001
   1   1      1.4800      0.0002      0.0183      0.0002      0.0002
   1   1      1.4900      0.0001      0.0120      0.0002      0.0002
   1   1      1.5000      0.0002      0.0135      0.0003      0.0003
   1   1      1.5100      0.0002      0.0201      0.0004      0.0004
   1   1      1.5200      0.0004      0.0330      0.0005      0.0005
   1   1      1.5300      0.0005      0.0440      0.0007      0.0007
   1   1      1.5400      0.0006      0.0506      0.0009      0.0009
   1   1      1.5500      0.0008      0.0611      0.0012      0.0012
   1   1      1.5600      0.0012      0.0971      0.0016      0.0016
   1   1      1.5700      0.0014      0.1059      0.0021      0.0021
   1   1      1.5800      0.0018      0.1381      0.0028      0.0028
   1   1      1.5900      0.0022      0.1635      0.0035      0.0035
   1   1      1.6000      0.0027      0.2002      0.0045      0.0045
   1   1      1.6100      0.0040      0.2940      0.0059      0.0059
   1   1      1.6200      0.0052      0.3790      0.0078      0.0078
   1   1      1.6300      0.0069      0.4984      0.0103      0.0103
   1   1      1.6400      0.0076      0.5398      0.0130      0.0130
   1   1      1.6500      0.0094      0.6642      0.0164      0.0164
   1   1      1.6600      0.0112      0.7772      0.0204      0.0204
   1   1      1.6700      0.0127      0.8752      0.0250      0.0250
   1   1      1.6800      0.0154      1.0491      0.0305      0.0305
   1   1      1.6900      0.0183      1.2295      0.0371      0.0371
   1   1      1.7000      0.0212      1.4102      0.0447      0.0447
   1   1      1.7100      0.0255      1.6733      0.0539      0.0539
   1   1      1.7200      0.0299      1.9398      0.0647      0.0647
   1   1      1.7300      0.0321      2.0620      0.0762      0.0762
   1   1      1.7400      0.0367      2.3297      0.0895      0.0895
   1   1      1.7500      0.0409      2.5657      0.1042      0.1042
   1   1      1.7600      0.0451      2.7968      0.1204      0.1204
   1   1      1.7700      0.0514      3.1485      0.1389      0.1389
   1   1      1.7800      0.0557      3.3748      0.1590      0.1590
   1   1      1.7900      0.0594      3.5614      0.1804      0.1804
   1   1      1.8000      0.0652      3.8636      0.2038      0.2038
   1   1      1.8100      0.0708      4.1484      0.2293      0.2293
   1   1      1.8200      0.0735      4.2635      0.2558      0.2558
   1   1      1.8300      0.0795      4.5566      0.2844      0.2844
   1   1      1.8400      0.0827      4.6924      0.3141      0.3141
   1   1      1.8500      0.0879      4.9313      0.3458      0.3458
   1   1      1.8600      0.0895      4.9665      0.3780      0.3780
   1   1      1.8700      0.0942      5.1751      0.4119      0.4119
   1   1      1.8800      0.0976      5.3040      0.4471      0.4471
   1   1      1.8900      0.0986      5.3019      0.4826      0.4826
   1   1      1.9000      0.0975      5.1861      0.5176      0.5176
   1   1      1.9100      0.1008      5.3058      0.5539      0.5539
   1   1      1.9200      0.1032      5.3758      0.5911      0.5911
   1   1      1.9300      0.1003      5.1719      0.6272      0.6272
   1   1      1.9400      0.1020      5.2073      0.6639      0.6639
   1   1      1.9500      0.1020      5.1520      0.7006      0.7006
   1   1      1.9600      0.0997      4.9830      0.7365      0.7365
   1   1      1.9700      0.1009      4.9915      0.7728      0.7728
   1   1      1.9800      0.0992      4.8586      0.8085      0.8085
   1   1      1.9900      0.0969      4.6997      0.8434      0.8434
   1   1      2.0000      0.0909      4.3665      0.8762      0.8762
   1   1      2.0100      0.0907      4.3123      0.9088      0.9088
   1   1      2.0200      0.0874      4.1115      0.9403      0.9403
   1   1      2.0300      0.0848      3.9522      0.9708      0.9708
   1   1      2.0400      0.0796      3.6741      0.9995      0.9995
   1   1      2.0500      0.0753      3.4425      1.0266      1.0266
   1   1      2.0600      0.0720      3.2588      1.0525      1.0525
   1   1      2.0700      0.0673      3.0148      1.0767      1.0767
   1   1      2.0800      0.0656      2.9101      1.1003      1.1003
   1   1      2.0900      0.0605      2.6608      1.1221      1.1221
   1   1      2.1000      0.0552      2.4022      1.1420      1.1420
   1   1      2.1100      0.0535      2.3097      1.1612      1.1612
   1   1      2.1200      0.0501      2.1396      1.1793      1.1793
   1   1      2.1300      0.0458      1.9385      1.1957      1.1957
   1   1      2.1400      0.0444      1.8614      1.2117      1.2117
   1   1      2.1500      0.0419      1.7415      1.2268      1.2268
   1   1      2.1600      0.0381      1.5686      1.2405      1.2405
   1   1      2.1700      0.0349      1.4218      1.2531      1.2531
   1   1      2.1800      0.0318      1.2837      1.2645      1.2645
   1   1      2.1900      0.0285      1.1413      1.2748      1.2748
   1   1      2.2000      0.0276      1.0952      1.2847      1.2847
   1   1      2.2100      0.0247      0.9698      1.2936      1.2936
   1   1      2.2200      0.0225      0.8772      1.3017      1.3017
   1   1      2.2300      0.0202      0.7812      1.3090      1.3090
   1   1      2.2400      0.0192      0.7355      1.3159      1.3159
   1   1      2.2500      0.0169      0.6413      1.3220      1.3220
   1   1      2.2600      0.0150      0.5629      1.3274      1.3274
   1   1      2.2700      0.0131      0.4892      1.3321      1.3321
   1   1      2.2800      0.0131      0.4856      1.3368      1.3368
   1   1      2.2900      0.0119      0.4367      1.3411      1.3411
   1   1      2.3000      0.0108      0.3919      1.3450      1.3450
   1   1      2.3100      0.0092      0.3310      1.3483      1.3483
   1   1      2.3200      0.0085      0.3044      1.3514      1.3514
   1   1      2.3300      0.0080      0.2825      1.3543      1.3543
   1   1      2.3400      0.0074      0.2596      1.3569      1.3569
   1   1      2.3500      0.0063      0.2205      1.3592      1.3592
   1   1      2.3600      0.0053      0.1827      1.3611      1.3611
   1   1      2.3700      0.0049      0.1666      1.3629      1.3629
   1   1      2.3800      0.0044      0.1487      1.3644      1.3644
   1   1      2.3900      0.0037      0.1251      1.3658      1.3658
   1   1      2.4000      0.0036      0.1184      1.3671      1.3671
   1   1      2.4100      0.0036      0.1174      1.3683      1.3683
   1   1      2.4200      0.0031      0.1031      1.3695      1.3695
   1   1      2.4300      0.0030      0.0974      1.3706      1.3706
   1   1      2.4400      0.0029      0.0925      1.3716      1.3716
   1   1      2.4500      0.0028      0.0905      1.3726      1.3726
   1   1      2.4600      0.0027      0.0872      1.3736      1.3736
   1   1      2.4700      0.0029      0.0918      1.3746      1.3746
   1   1      2.4800      0.0030      0.0948      1.3757      1.3757
   1   1      2.4900      0.0030      0.0931      1.3768      1.3768
   1   1      2.5000      0.0033      0.1018      1.3780      1.3780
   1   1      2.5100      0.0037      0.1119      1.3793      1.3793
   1   1      2.5200      0.0040      0.1197      1.3808      1.3808
   1   1      2.5300      0.0039      0.1182      1.3822      1.3822
   1   1      2.5400      0.0040      0.1181      1.3836      1.3836
   1   1      2.5500      0.0051      0.1509      1.3854      1.3854
   1   1      2.5600      0.0053      0.1547      1.3873      1.3873
   1   1      2.5700      0.0053      0.1532      1.3892      1.3892
   1   1      2.5800      0.0060      0.1720      1.3914      1.3914
   1   1      2.5900      0.0073      0.2085      1.3940      1.3940
   1   1      2.6000      0.0078      0.2215      1.3968      1.3968
   1   1      2.6100      0.0079      0.2218      1.3996      1.3996
   1   1      2.6200      0.0091      0.2551      1.4029      1.4029
   1   1      2.6300      0.0096      0.2666      1.4064      1.4064
   1   1      2.6400      0.0105      0.2903      1.4102      1.4102
   1   1      2.6500      0.0111      0.3044      1.4142      1.4142
   1   1      2.6600      0.0119      0.3242      1.4185      1.4185
   1   1      2.6700      0.0137      0.3680      1.4234      1.4234
   1   1      2.6800      0.0149      0.3992      1.4288      1.4288
   1   1      2.6900      0.0155      0.4126      1.4344      1.4344
   1   1      2.7000      0.0175      0.4623      1.4407      1.4407
   1   1      2.7100      0.0197      0.5152      1.4478      1.4478
   1   1      2.7200      0.0206      0.5357      1.4552      1.4552
   1   1      2.7300      0.0209      0.5397      1.4627      1.4627
   1   1      2.7400      0.0233      0.5956      1.4711      1.4711
   1   1      2.7500      0.0247      0.6281      1.4800      1.4800
   1   1      2.7600      0.0259      0.6538      1.4894      1.4894
   1   1      2.7700      0.0286      0.7154      1.4997      1.4997
   1   1      2.7800      0.0294      0.7302      1.5102      1.5102
   1   1      2.7900      0.0307      0.7578      1.5213      1.5213
   1   1      2.8000      0.0327      0.8022      1.5331      1.5331
   1   1      2.8100      0.0349      0.8487      1.5456      1.5456
   1   1      2.8200      0.0381      0.9203      1.5594      1.5594
   1   1      2.8300      0.0382      0.9159      1.5731      1.5731
   1   1      2.8400      0.0420      1.0009      1.5882      1.5882
   1   1      2.8500      0.0438      1.0347      1.6040      1.6040
   1   1      2.8600      0.0451      1.0599      1.6202      1.6202
   1   1      2.8700      0.0474      1.1041      1.6373      1.6373
   1   1      2.8800      0.0485      1.1224      1.6547      1.6547
   1   1      2.8900      0.0505      1.1616      1.6729      1.6729
   1   1      2.9000      0.0527      1.2030      1.6919      1.6919
   1   1      2.9100      0.0536      1.2148      1.7112      1.7112
   1   1      2.9200      0.0569      1.2813      1.7317      1.7317
   1   1      2.9300      0.0577      1.2904      1.7524      1.7524
   1   1      2.9400      0.0594      1.3199      1.7738      1.7738
   1   1      2.9500      0.0646      1.4264      1.7971      1.7971
   1   1      2.9600      0.0637      1.3952      1.8200      1.8200
   1   1      2.9700      0.0669      1.4561      1.8441      1.8441
   1   1      2.9800      0.0657      1.4206      1.8677      1.8677
   1   1      2.9900      0.0690      1.4827      1.8926      1.8926
   1   1      3.0000      0.0708      1.5109      1.9180      1.9180
   1   1      3.0100      0.0729      1.5451      1.9443      1.9443
   1   1      3.0200      0.0736      1.5497      1.9708      1.9708
   1   1      3.0300      0.0773      1.6175      1.9986      1.9986
   1   1      3.0400      0.0800      1.6621      2.0274      2.0274
   1   1      3.0500      0.0803      1.6574      2.0563      2.0563
   1   1      3.0600      0.0815      1.6714      2.0856      2.0856
   1   1      3.0700      0.0822      1.6745      2.1152      2.1152
   1   1      3.0800      0.0822      1.6638      2.1448      2.1448
   1   1      3.0900      0.0852      1.7143      2.1755      2.1755
   1   1      3.1000      0.0872      1.7418      2.2069      2.2069
   1   1      3.1100      0.0852      1.6920      2.2375      2.2375
   1   1      3.1200      0.0884      1.7438      2.2694      2.2694
   1   1      3.1300      0.0896      1.7568      2.3016      2.3016
   1   1      3.1400      0.0894      1.7421      2.3338      2.3338
   1   1      3.1500      0.0901      1.7439      2.3663      2.3663
   1   1      3.1600      0.0889      1.7096      2.3983      2.3983
   1   1      3.1700      0.0885      1.6920      2.4301      2.4301
   1   1      3.1800      0.0897      1.7040      2.4624      2.4624
   1   1      3.1900      0.0902      1.7018      2.4949      2.4949
   1   1      3.2000      0.0877      1.6446      2.5265      2.5265
   1   1      3.2100      0.0892      1.6618      2.5585      2.5585
   1   1      3.2200      0.0872      1.6160      2.5900      2.5900
   1   1      3.2300      0.0865      1.5932      2.6211      2.6211
   1   1      3.2400      0.0833      1.5233      2.6511      2.6511
   1   1      3.2500      0.0852      1.5492      2.6818      2.6818
   1   1      3.2600      0.0824      1.4895      2.7114      2.7114
   1   1      3.2700      0.0782      1.4048      2.7396      2.7396
   1   1      3.2800      0.0806      1.4393      2.7686      2.7686
   1   1      3.2900      0.0781      1.3866      2.7967      2.7967
   1   1      3.3000      0.0766      1.3516      2.8243      2.8243
   1   1      3.3100      0.0755      1.3239      2.8515      2.8515
   1   1      3.3200      0.0736      1.2831      2.8780      2.8780
   1   1      3.3300      0.0710      1.2297      2.9036      2.9036
   1   1      3.3400      0.0690      1.1874      2.9284      2.9284
   1   1      3.3500      0.0685      1.1723      2.9531      2.9531
   1   1      3.3600      0.0676      1.1498      2.9774      2.9774
   1   1      3.3700      0.0659      1.1143      3.0011      3.0011
   1   1      3.3800      0.0619      1.0410      3.0234      3.0234
   1   1      3.3900      0.0598      0.9992      3.0450      3.0450
   1   1      3.4000      0.0560      0.9302      3.0651      3.0651
   1   1      3.4100      0.0558      0.9209      3.0852      3.0852
   1   1      3.4200      0.0541      0.8888      3.1047      3.1047
   1   1      3.4300      0.0532      0.8692      3.1238      3.1238
   1   1      3.4400      0.0513      0.8323      3.1423      3.1423
   1   1      3.4500      0.0489      0.7892      3.1599      3.1599
   1   1      3.4600      0.0478      0.7668      3.1771      3.1771
   1   1      3.4700      0.0467      0.7445      3.1939      3.1939
   1   1      3.4800      0.0453      0.7188      3.2102      3.2102
   1   1      3.4900      0.0456      0.7186      3.2266      3.2266
   1   1      3.5000      0.0429      0.6724      3.2421      3.2421
   1   1      3.5100      0.0417      0.6500      3.2571      3.2571
   1   1      3.5200      0.0402      0.6229      3.2716      3.2716
   1   1      3.5300      0.0375      0.5778      3.2851      3.2851
   1   1      3.5400      0.0367      0.5623      3.2983      3.2983
   1   1      3.5500      0.0351      0.5357      3.3109      3.3109
   1   1      3.5600      0.0357      0.5408      3.3238      3.3238
   1   1      3.5700      0.0352      0.5306      3.3364      3.3364
   1   1      3.5800      0.0354      0.5309      3.3492      3.3492
   1   1      3.5900      0.0341      0.5086      3.3615      3.3615
   1   1      3.6000      0.0333      0.4940      3.3735      3.3735
   1   1      3.6100      0.0323      0.4760      3.3851      3.3851
   1   1      3.6200      0.0329      0.4816      3.3969      3.3969
   1   1      3.6300      0.0324      0.4724      3.4086      3.4086
   1   1      3.6400      0.0329      0.4764      3.4204      3.4204
   1   1      3.6500      0.0323      0.4657      3.4321      3.4321
   1   1      3.6600      0.0327      0.4682      3.4438      3.4438
   1   1      3.6700      0.0346      0.4936      3.4563      3.4563
   1   1      3.6800      0.0329      0.4672      3.4681      3.4681
   1   1      3.6900      0.0338      0.4773      3.4803      3.4803
   1   1      3.7000      0.0353      0.4957      3.4930      3.4930
   1   1      3.7100      0.0358      0.4999      3.5059      3.5059
   1   1      3.7200      0.0359      0.4981      3.5189      3.5189
   1   1      3.7300      0.0359      0.4957      3.5318      3.5318
   1   1      3.7400      0.0367      0.5039      3.5450      3.5450
   1   1      3.7500      0.0382      0.5216      3.5588      3.5588
   1   1      3.7600      0.0391      0.5311      3.5728      3.5728
   1   1      3.7700      0.0394      0.5322      3.5870      3.5870
   1   1      3.7800      0.0406      0.5458      3.6016      3.6016
   1   1      3.7900      0.0419      0.5606      3.6167      3.6167
   1   1      3.8000      0.0435      0.5779      3.6324      3.6324
   1   1      3.8100      0.0445      0.5891      3.6484      3.6484
   1   1      3.8200      0.0437      0.5754      3.6641      3.6641
   1   1      3.8300      0.0481      0.6293      3.6814      3.6814
   1   1      3.8400      0.0483      0.6297      3.6988      3.6988
   1   1      3.8500      0.0499      0.6463      3.7168      3.7168
   1   1      3.8600      0.0516      0.6650      3.7354      3.7354
   1   1      3.8700      0.0545      0.6983      3.7550      3.7550
   1   1      3.8800      0.0550      0.7022      3.7748      3.7748
   1   1      3.8900      0.0545      0.6911      3.7944      3.7944
   1   1      3.9000      0.0557      0.7029      3.8144      3.8144
   1   1      3.9100      0.0566      0.7116      3.8348      3.8348
   1   1      3.9200      0.0573      0.7159      3.8554      3.8554
   1   1      3.9300      0.0576      0.7160      3.8762      3.8762
   1   1      3.9400      0.0590      0.7296      3.8974      3.8974
   1   1      3.9500      0.0620      0.7634      3.9197      3.9197
   1   1      3.9600      0.0615      0.7533      3.9419      3.9419
   1   1      3.9700      0.0636      0.7749      3.9648      3.9648
   1   1      3.9800      0.0665      0.8066      3.9887      3.9887
   1   1      3.9900      0.0687      0.8293      4.0135      4.0135
   1   1      4.0000      0.0703      0.8435      4.0387      4.0387
   1   1      4.0100      0.0719      0.8582      4.0646      4.0646
   1   1      4.0200      0.0728      0.8647      4.0908      4.0908
   1   1      4.0300      0.0739      0.8737      4.1174      4.1174
   1   1      4.0400      0.0764      0.8990      4.1449      4.1449
   1   1      4.0500      0.0791      0.9260      4.1734      4.1734
   1   1      4.0600      0.0802      0.9343      4.2022      4.2022
   1   1      4.0700      0.0821      0.9513      4.2318      4.2318
   1   1      4.0800      0.0833      0.9613      4.2618      4.2618
   1   1      4.0900      0.0832      0.9553      4.2917      4.2917
   1   1      4.1000      0.0844      0.9638      4.3221      4.3221
   1   1      4.1100      0.0856      0.9728      4.3529      4.3529
   1   1      4.1200      0.0879      0.9941      4.3845      4.3845
   1   1      4.1300      0.0867      0.9765      4.4158      4.4158
   1   1      4.1400      0.0869      0.9737      4.4470      4.4470
   1   1      4.1500      0.0875      0.9761      4.4786      4.4786
   1   1      4.1600      0.0882      0.9783      4.5103      4.5103
   1   1      4.1700      0.0898      0.9914      4.5426      4.5426
   1   1      4.1800      0.0925      1.0167      4.5759      4.5759
   1   1      4.1900      0.0917      1.0037      4.6089      4.6089
   1   1      4.2000      0.0908      0.9891      4.6416      4.6416
   1   1      4.2100      0.0930      1.0073      4.6751      4.6751
   1   1      4.2200      0.0924      0.9963      4.7084      4.7084
   1   1      4.2300      0.0923      0.9910      4.7416      4.7416
   1   1      4.2400      0.0923      0.9862      4.7748      4.7748
   1   1      4.2500      0.0934      0.9928      4.8084      4.8084
   1   1      4.2600      0.0938      0.9925      4.8422      4.8422
   1   1      4.2700      0.0922      0.9715      4.8754      4.8754
   1   1      4.2800      0.0934      0.9787      4.9090      4.9090
   1   1      4.2900      0.0925      0.9650      4.9423      4.9423
   1   1      4.3000      0.0916      0.9514      4.9753      4.9753
   1   1      4.3100      0.0919      0.9501      5.0084      5.0084
   1   1      4.3200      0.0908      0.9345      5.0410      5.0410
   1   1      4.3300      0.0921      0.9434      5.0742      5.0742
   1   1      4.3400      0.0887      0.9043      5.1061      5.1061
   1   1      4.3500      0.0898      0.9111      5.1384      5.1384
   1   1      4.3600      0.0897      0.9060      5.1707      5.1707
   1   1      4.3700      0.0877      0.8824      5.2023      5.2023
   1   1      4.3800      0.0865      0.8660      5.2335      5.2335
   1   1      4.3900      0.0886      0.8827      5.2653      5.2653
   1   1      4.4000      0.0872      0.8652      5.2967      5.2967
   1   1      4.4100      0.0828      0.8175      5.3265      5.3265
   1   1      4.4200      0.0822      0.8079      5.3561      5.3561
   1   1      4.4300      0.0797      0.7802      5.3848      5.3848
   1   1      4.4400      0.0803      0.7828      5.4137      5.4137
   1   1      4.4500      0.0790      0.7666      5.4422      5.4422
   1   1      4.4600      0.0785      0.7575      5.4704      5.4704
   1   1      4.4700      0.0770      0.7400      5.4982      5.4982
   1   1      4.4800      0.0764      0.7311      5.5257      5.5257
   1   1      4.4900      0.0747      0.7116      5.5525      5.5525
   1   1      4.5000      0.0731      0.6931      5.5789      5.5789
   1   1      4.5100      0.0734      0.6935      5.6053      5.6053
   1   1      4.5200      0.0715      0.6719      5.6310      5.6310
   1   1      4.5300      0.0682      0.6379      5.6556      5.6556
   1   1      4.5400      0.0665      0.6194      5.6795      5.6795
   1   1      4.5500      0.0657      0.6094      5.7031      5.7031
   1   1      4.5600      0.0643      0.5939      5.7263      5.7263
   1   1      4.5700      0.0629      0.5785      5.7489      5.7489
   1   1      4.5800      0.0629      0.5755      5.7716      5.7716
   1   1      4.5900      0.0622      0.5673      5.7940      5.7940
   1   1      4.6000      0.0601      0.5457      5.8156      5.8156
   1   1      4.6100      0.0608      0.5491      5.8375      5.8375
   1   1      4.6200      0.0599      0.5385      5.8590      5.8590
   1   1      4.6300      0.0577      0.5171      5.8798      5.8798
   1   1      4.6400      0.0581      0.5182      5.9007      5.9007
   1   1      4.6500      0.0559      0.4968      5.9209      5.9209
   1   1      4.6600      0.0562      0.4970      5.9411      5.9411
   1   1      4.6700      0.0584      0.5144      5.9621      5.9621
   1   1      4.6800      0.0571      0.5004      5.9827      5.9827
   1   1      4.6900      0.0557      0.4865      6.0027      6.0027
   1   1      4.7000      0.0557      0.4839      6.0228      6.0228
   1   1      4.7100      0.0524      0.4537      6.0416      6.0416
   1   1      4.7200      0.0538      0.4640      6.0610      6.0610
   1   1      4.7300      0.0540      0.4640      6.0804      6.0804
   1   1      4.7400      0.0584      0.4993      6.1015      6.1015
   1   1      4.7500      0.0584      0.4968      6.1225      6.1225
   1   1      4.7600      0.0571      0.4844      6.1431      6.1431
   1   1      4.7700      0.0581      0.4905      6.1640      6.1640
   1   1      4.7800      0.0614      0.5158      6.1861      6.1861
   1   1      4.7900      0.0624      0.5223      6.2085      6.2085
   1   1      4.8000      0.0639      0.5329      6.2315      6.2315
   1   1      4.8100      0.0635      0.5271      6.2544      6.2544
   1   1      4.8200      0.0684      0.5653      6.2790      6.2790
   1   1      4.8300      0.0705      0.5800      6.3044      6.3044
   1   1      4.8400      0.0702      0.5756      6.3297      6.3297
   1   1      4.8500      0.0733      0.5987      6.3561      6.3561
   1   1      4.8600      0.0764      0.6212      6.3836      6.3836
   1   1      4.8700      0.0779      0.6306      6.4116      6.4116
   1   1      4.8800      0.0764      0.6161      6.4391      6.4391
   1   1      4.8900      0.0807      0.6483      6.4682      6.4682
   1   1      4.9000      0.0835      0.6679      6.4982      6.4982
   1   1      4.9100      0.0825      0.6573      6.5279      6.5279
   1   1      4.9200      0.0822      0.6525      6.5575      6.5575
   1   1      4.9300      0.0848      0.6699      6.5880      6.5880
   1   1      4.9400      0.0861      0.6779      6.6191      6.6191
   1   1      4.9500      0.0878      0.6882      6.6507      6.6507
   1   1      4.9600      0.0884      0.6902      6.6825      6.6825
   1   1      4.9700      0.0919      0.7149      6.7156      6.7156
   1   1      4.9800      0.0936      0.7246      6.7493      6.7493
   1   1      4.9900      0.0895      0.6904      6.7815      6.7815
   1   1      5.0000      0.0978      0.7514      6.8167      6.8167
   1   1      5.0100      0.0993      0.7602      6.8525      6.8525
   1   1      5.0200      0.0985      0.7506      6.8879      6.8879
   1   1      5.0300      0.0997      0.7570      6.9238      6.9238
   1   1      5.0400      0.1005      0.7602      6.9600      6.9600
   1   1      5.0500      0.0995      0.7493      6.9958      6.9958
   1   1      5.0600      0.1000      0.7500      7.0318      7.0318
   1   1      5.0700      0.1014      0.7579      7.0684      7.0684
   1   1      5.0800      0.1026      0.7639      7.1053      7.1053
   1   1      5.0900      0.1023      0.7581      7.1421      7.1421
   1   1      5.1000      0.1026      0.7580      7.1791      7.1791
   1   1      5.1100      0.0985      0.7245      7.2145      7.2145
   1   1      5.1200      0.0985      0.7219      7.2500      7.2500
   1   1      5.1300      0.0968      0.7061      7.2848      7.2848
   1   1      5.1400      0.0944      0.6865      7.3188      7.3188
   1   1      5.1500      0.0908      0.6578      7.3515      7.3515
   1   1      5.1600      0.0886      0.6392      7.3834      7.3834
   1   1      5.1700      0.0861      0.6186      7.4144      7.4144
   1   1      5.1800      0.0883      0.6320      7.4462      7.4462
   1   1      5.1900      0.0875      0.6240      7.4777      7.4777
   1   1      5.2000      0.0866      0.6154      7.5089      7.5089
   1   1      5.2100      0.0874      0.6187      7.5404      7.5404
   1   1      5.2200      0.0815      0.5745      7.5697      7.5697
   1   1      5.2300      0.0801      0.5623      7.5986      7.5986
   1   1      5.2400      0.0797      0.5573      7.6273      7.6273
   1   1      5.2500      0.0785      0.5467      7.6555      7.6555
   1   1      5.2600      0.0766      0.5316      7.6831      7.6831
   1   1      5.2700      0.0730      0.5051      7.7094      7.7094
   1   1      5.2800      0.0731      0.5039      7.7357      7.7357
   1   1      5.2900      0.0696      0.4776      7.7607      7.7607
   1   1      5.3000      0.0645      0.4408      7.7840      7.7840
   1   1      5.3100      0.0647      0.4409      7.8073      7.8073
   1   1      5.3200      0.0648      0.4398      7.8306      7.8306
   1   1      5.3300      0.0622      0.4204      7.8530      7.8530
   1   1      5.3400      0.0579      0.3901      7.8738      7.8738
   1   1      5.3500      0.0577      0.3870      7.8946      7.8946
   1   1      5.3600      0.0555      0.3712      7.9146      7.9146
   1   1      5.3700      0.0552      0.3676      7.9345      7.9345
   1   1      5.3800      0.0538      0.3570      7.9538      7.9538
   1   1      5.3900      0.0562      0.3713      7.9740      7.9740
   1   1      5.4000      0.0549      0.3618      7.9938      7.9938
   1   1      5.4100      0.0543      0.3562      8.0134      8.0134
   1   1      5.4200      0.0558      0.3646      8.0334      8.0334
   1   1      5.4300      0.0541      0.3526      8.0529      8.0529
   1   1      5.4400      0.0532      0.3454      8.0721      8.0721
   1   1      5.4500      0.0559      0.3615      8.0922      8.0922
   1   1      5.4600      0.0558      0.3597      8.1123      8.1123
   1   1      5.4700      0.0563      0.3614      8.1326      8.1326
   1   1      5.4800      0.0585      0.3738      8.1536      8.1536
   1   1      5.4900      0.0626      0.3992      8.1762      8.1762
   1   1      5.5000      0.0658      0.4175      8.1999      8.1999
   1   1      5.5100      0.0657      0.4158      8.2235      8.2235
   1   1      5.5200      0.0683      0.4306      8.2481      8.2481
   1   1      5.5300      0.0706      0.4434      8.2735      8.2735
   1   1      5.5400      0.0694      0.4344      8.2985      8.2985
   1   1      5.5500      0.0705      0.4393      8.3239      8.3239
   1   1      5.5600      0.0706      0.4386      8.3493      8.3493
   1   1      5.5700      0.0748      0.4632      8.3762      8.3762
   1   1      5.5800      0.0783      0.4828      8.4044      8.4044
   1   1      5.5900      0.0805      0.4946      8.4334      8.4334
   1   1      5.6000      0.0818      0.5011      8.4628      8.4628
   1   1      5.6100      0.0816      0.4979      8.4922      8.4922
   1   1      5.6200      0.0862      0.5243      8.5233      8.5233
   1   1      5.6300      0.0869      0.5264      8.5545      8.5545
   1   1      5.6400      0.0885      0.5346      8.5864      8.5864
   1   1      5.6500      0.0911      0.5483      8.6192      8.6192
   1   1      5.6600      0.0937      0.5615      8.6529      8.6529
   1   1      5.6700      0.0978      0.5843      8.6881      8.6881
   1   1      5.6800      0.0984      0.5858      8.7236      8.7236
   1   1      5.6900      0.1016      0.6026      8.7601      8.7601
   1   1      5.7000      0.1066      0.6300      8.7985      8.7985
   1   1      5.7100      0.1080      0.6360      8.8374      8.8374
   1   1      5.7200      0.1125      0.6601      8.8779      8.8779
   1   1      5.7300      0.1133      0.6625      8.9186      8.9186
   1   1      5.7400      0.1166      0.6797      8.9606      8.9606
   1   1      5.7500      0.1191      0.6919      9.0035      9.0035
   1   1      5.7600      0.1195      0.6916      9.0465      9.0465
   1   1      5.7700      0.1260      0.7268      9.0919      9.0919
   1   1      5.7800      0.1301      0.7480      9.1387      9.1387
   1   1      5.7900      0.1288      0.7378      9.1851      9.1851
   1   1      5.8000      0.1339      0.7645      9.2333      9.2333
   1   1      5.8100      0.1382      0.7861      9.2830      9.2830
   1   1      5.8200      0.1428      0.8096      9.3344      9.3344
   1   1      5.8300      0.1449      0.8185      9.3866      9.3866
   1   1      5.8400      0.1466      0.8254      9.4393      9.4393
   1   1      5.8500      0.1483      0.8323      9.4927      9.4927
   1   1      5.8600      0.1506      0.8423      9.5469      9.5469
   1   1      5.8700      0.1524      0.8492      9.6018      9.6018
   1   1      5.8800      0.1556      0.8643      9.6578      9.6578
   1   1      5.8900      0.1592      0.8812      9.7151      9.7151
   1   1      5.9000      0.1630      0.8992      9.7738      9.7738
   1   1      5.9100      0.1615      0.8882      9.8319      9.8319
   1   1      5.9200      0.1642      0.8998      9.8910      9.8910
   1   1      5.9300      0.1651      0.9016      9.9505      9.9505
   1   1      5.9400      0.1704      0.9276     10.0118     10.0118
   1   1      5.9500      0.1719      0.9327     10.0737     10.0737
   1   1      5.9600      0.1716      0.9277     10.1355     10.1355
   1   1      5.9700      0.1755      0.9459     10.1987     10.1987
   1   1      5.9800      0.1757      0.9434     10.2619     10.2619
   1   1      5.9900      0.1766      0.9455     10.3255     10.3255
   1   1      6.0000      0.1768      0.9431     10.3891     10.3891
   1   1      6.0100      0.1794      0.9539     10.4537     10.4537
   1   1      6.0200      0.1798      0.9529     10.5185     10.5185
   1   1      6.0300      0.1816      0.9591     10.5838     10.5838
   1   1      6.0400      0.1836      0.9664     10.6499     10.6499
   1   1      6.0500      0.1826      0.9584     10.7157     10.7157
   1   1      6.0600      0.1858      0.9717     10.7826     10.7826
   1   1      6.0700      0.1850      0.9641     10.8491     10.8491
   1   1      6.0800      0.1860      0.9665     10.9161     10.9161
   1   1      6.0900      0.1832      0.9489     10.9821     10.9821
   1   1      6.1000      0.1854      0.9570     11.0488     11.0488
   1   1      6.1100      0.1833      0.9430     11.1148     11.1148
   1   1      6.1200      0.1865      0.9565     11.1820     11.1820
   1   1      6.1300      0.1829      0.9346     11.2478     11.2478
   1   1      6.1400      0.1831      0.9330     11.3137     11.3137
   1   1      6.1500      0.1820      0.9244     11.3793     11.3793
   1   1      6.1600      0.1822      0.9220     11.4448     11.4448
   1   1      6.1700      0.1850      0.9331     11.5114     11.5114
   1   1      6.1800      0.1841      0.9259     11.5777     11.5777
   1   1      6.1900      0.1843      0.9238     11.6440     11.6440
   1   1      6.2000      0.1819      0.9086     11.7095     11.7095
   1   1      6.2100      0.1803      0.8980     11.7744     11.7744
   1   1      6.2200      0.1792      0.8895     11.8389     11.8389
   1   1      6.2300      0.1806      0.8937     11.9040     11.9040
   1   1      6.2400      0.1824      0.8999     11.9696     11.9696
   1   1      6.2500      0.1802      0.8862     12.0345     12.0345
   1   1      6.2600      0.1797      0.8805     12.0992     12.0992
   1   1      6.2700      0.1776      0.8677     12.1631     12.1631
   1   1      6.2800      0.1793      0.8731     12.2277     12.2277
   1   1      6.2900      0.1784      0.8659     12.2919     12.2919
   1   1      6.3000      0.1793      0.8675     12.3564     12.3564
   1   1      6.3100      0.1778      0.8578     12.4205     12.4205
   1   1      6.3200      0.1794      0.8625     12.4850     12.4850
   1   1      6.3300      0.1771      0.8491     12.5488     12.5488
   1   1      6.3400      0.1760      0.8408     12.6121     12.6121
   1   1      6.3500      0.1791      0.8533     12.6766     12.6766
   1   1      6.3600      0.1787      0.8484     12.7410     12.7410
   1   1      6.3700      0.1822      0.8623     12.8066     12.8066
   1   1      6.3800      0.1814      0.8558     12.8718     12.8718
   1   1      6.3900      0.1811      0.8519     12.9371     12.9371
   1   1      6.4000      0.1818      0.8522     13.0025     13.0025
   1   1      6.4100      0.1811      0.8467     13.0677     13.0677
   1   1      6.4200      0.1846      0.8600     13.1341     13.1341
   1   1      6.4300      0.1878      0.8724     13.2017     13.2017
   1   1      6.4400      0.1840      0.8522     13.2680     13.2680
   1   1      6.4500      0.1885      0.8704     13.3359     13.3359
   1   1      6.4600      0.1914      0.8808     13.4048     13.4048
   1   1      6.4700      0.1921      0.8813     13.4739     13.4739
   1   1      6.4800      0.1956      0.8948     13.5444     13.5444
   1   1      6.4900      0.1952      0.8901     13.6146     13.6146
   1   1      6.5000      0.2016      0.9162     13.6872     13.6872
   1   1      6.5100      0.2035      0.9223     13.7605     13.7605
   1   1      6.5200      0.2032      0.9179     13.8336     13.8336
   1   1      6.5300      0.2024      0.9116     13.9065     13.9065
   1   1      6.5400      0.2088      0.9374     13.9816     13.9816
   1   1      6.5500      0.2115      0.9466     14.0577     14.0577
   1   1      6.5600      0.2109      0.9412     14.1337     14.1337
   1   1      6.5700      0.2104      0.9360     14.2094     14.2094
   1   1      6.5800      0.2183      0.9683     14.2880     14.2880
   1   1      6.5900      0.2171      0.9602     14.3661     14.3661
   1   1      6.6000      0.2217      0.9776     14.4460     14.4460
   1   1      6.6100      0.2240      0.9846     14.5266     14.5266
   1   1      6.6200      0.2286      1.0017     14.6089     14.6089
   1   1      6.6300      0.2294      1.0022     14.6915     14.6915
   1   1      6.6400      0.2297      1.0007     14.7742     14.7742
   1   1      6.6500      0.2381      1.0341     14.8599     14.8599
   1   1      6.6600      0.2385      1.0327     14.9457     14.9457
   1   1      6.6700      0.2418      1.0437     15.0328     15.0328
   1   1      6.6800      0.2468      1.0624     15.1216     15.1216
   1   1      6.6900      0.2486      1.0668     15.2111     15.2111
   1   1      6.7000      0.2538      1.0857     15.3025     15.3025
   1   1      6.7100      0.2559      1.0915     15.3946     15.3946
   1   1      6.7200      0.2579      1.0970     15.4875     15.4875
   1   1      6.7300      0.2649      1.1231     15.5828     15.5828
   1   1      6.7400      0.2653      1.1217     15.6783     15.6783
   1   1      6.7500      0.2675      1.1277     15.7746     15.7746
   1   1      6.7600      0.2698      1.1339     15.8718     15.8718
   1   1      6.7700      0.2685      1.1252     15.9684     15.9684
   1   1      6.7800      0.2722      1.1373     16.0664     16.0664
   1   1      6.7900      0.2703      1.1259     16.1637     16.1637
   1   1      6.8000      0.2734      1.1356     16.2622     16.2622
   1   1      6.8100      0.2729      1.1300     16.3604     16.3604
   1   1      6.8200      0.2744      1.1329     16.4592     16.4592
   1   1      6.8300      0.2768      1.1395     16.5588     16.5588
   1   1      6.8400      0.2788      1.1444     16.6592     16.6592
   1   1      6.8500      0.2824      1.1560     16.7608     16.7608
   1   1      6.8600      0.2840      1.1589     16.8631     16.8631
   1   1      6.8700      0.2841      1.1562     16.9654     16.9654
   1   1      6.8800      0.2838      1.1514     17.0675     17.0675
   1   1      6.8900      0.2855      1.1552     17.1703     17.1703
   1   1      6.9000      0.2867      1.1566     17.2735     17.2735
   1   1      6.9100      0.2917      1.1732     17.3785     17.3785
   1   1      6.9200      0.2870      1.1510     17.4819     17.4819
   1   1      6.9300      0.2829      1.1313     17.5837     17.5837
   1   1      6.9400      0.2898      1.1557     17.6880     17.6880
   1   1      6.9500      0.2887      1.1481     17.7920     17.7920
   1   1      6.9600      0.2872      1.1385     17.8954     17.8954
   1   1      6.9700      0.2916      1.1527     18.0003     18.0003
   1   1      6.9800      0.2907      1.1461     18.1050     18.1050
   1   1      6.9900      0.2882      1.1328     18.2087     18.2087
   1   1      7.0000      0.2875      1.1269     18.3122     18.3122
   1   1      7.0100      0.2933      1.1465     18.4178     18.4178
   1   1      7.0200      0.2888      1.1255     18.5218     18.5218
   1   1      7.0300      0.2902      1.1276     18.6263     18.6263
   1   1      7.0400      0.2859      1.1077     18.7292     18.7292
   1   1      7.0500      0.2897      1.1193     18.8335     18.8335
   1   1      7.0600      0.2868      1.1050     18.9367     18.9367
   1   1      7.0700      0.2907      1.1169     19.0413     19.0413
   1   1      7.0800      0.2854      1.0933     19.1441     19.1441
   1   1      7.0900      0.2829      1.0809     19.2459     19.2459
   1   1      7.1000      0.2820      1.0744     19.3474     19.3474
   1   1      7.1100      0.2824      1.0727     19.4491     19.4491
   1   1      7.1200      0.2823      1.0695     19.5507     19.5507
   1   1      7.1300      0.2801      1.0583     19.6516     19.6516
   1   1      7.1400      0.2791      1.0513     19.7520     19.7520
   1   1      7.1500      0.2763      1.0379     19.8515     19.8515
   1   1      7.1600      0.2737      1.0254     19.9500     19.9500
   1   1      7.1700      0.2731      1.0204     20.0484     20.0484
   1   1      7.1800      0.2708      1.0088     20.1458     20.1458
   1   1      7.1900      0.2711      1.0070     20.2434     20.2434
   1   1      7.2000      0.2709      1.0038     20.3410     20.3410
   1   1      7.2100      0.2692      0.9945     20.4379     20.4379
   1   1      7.2200      0.2663      0.9812     20.5337     20.5337
   1   1      7.2300      0.2658      0.9767     20.6294     20.6294
   1   1      7.2400      0.2684      0.9836     20.7261     20.7261
   1   1      7.2500      0.2658      0.9711     20.8218     20.8218
   1   1      7.2600      0.2619      0.9542     20.9160     20.9160
   1   1      7.2700      0.2644      0.9609     21.0112     21.0112
   1   1      7.2800      0.2590      0.9386     21.1045     21.1045
   1   1      7.2900      0.2587      0.9350     21.1976     21.1976
   1   1      7.3000      0.2552      0.9196     21.2895     21.2895
   1   1      7.3100      0.2576      0.9258     21.3822     21.3822
   1   1      7.3200      0.2582      0.9254     21.4751     21.4751
   1   1      7.3300      0.2546      0.9100     21.5668     21.5668
   1   1      7.3400      0.2568      0.9155     21.6592     21.6592
   1   1      7.3500      0.2541      0.9032     21.7507     21.7507
   1   1      7.3600      0.2486      0.8814     21.8402     21.8402
   1   1      7.3700      0.2512      0.8883     21.9306     21.9306
   1   1      7.3800      0.2519      0.8884     22.0213     22.0213
   1   1      7.3900      0.2497      0.8781     22.1112     22.1112
   1   1      7.4000      0.2498      0.8760     22.2012     22.2012
   1   1      7.4100      0.2511      0.8784     22.2916     22.2916
   1   1      7.4200      0.2522      0.8799     22.3824     22.3824
   1   1      7.4300      0.2518      0.8761     22.4730     22.4730
   1   1      7.4400      0.2489      0.8635     22.5626     22.5626
   1   1      7.4500      0.2479      0.8579     22.6519     22.6519
   1   1      7.4600      0.2520      0.8697     22.7426     22.7426
   1   1      7.4700      0.2539      0.8739     22.8340     22.8340
   1   1      7.4800      0.2491      0.8550     22.9237     22.9237
   1   1      7.4900      0.2512      0.8599     23.0141     23.0141
   1   1      7.5000      0.2490      0.8502     23.1037     23.1037
   1   1      7.5100      0.2560      0.8718     23.1959     23.1959
   1   1      7.5200      0.2539      0.8623     23.2873     23.2873
   1   1      7.5300      0.2589      0.8768     23.3805     23.3805
   1   1      7.5400      0.2550      0.8614     23.4723     23.4723
   1   1      7.5500      0.2542      0.8566     23.5638     23.5638
   1   1      7.5600      0.2552      0.8575     23.6557     23.6557
   1   1      7.5700      0.2546      0.8534     23.7474     23.7474
   1   1      7.5800      0.2566      0.8577     23.8397     23.8397
   1   1      7.5900      0.2596      0.8653     23.9332     23.9332
   1   1      7.6000      0.2569      0.8542     24.0256     24.0256
   1   1      7.6100      0.2637      0.8746     24.1206     24.1206
   1   1      7.6200      0.2637      0.8721     24.2155     24.2155
   1   1      7.6300      0.2679      0.8838     24.3119     24.3119
   1   1      7.6400      0.2695      0.8868     24.4090     24.4090
   1   1      7.6500      0.2692      0.8835     24.5059     24.5059
   1   1      7.6600      0.2746      0.8990     24.6048     24.6048
   1   1      7.6700      0.2768      0.9038     24.7044     24.7044
   1   1      7.6800      0.2780      0.9052     24.8045     24.8045
   1   1      7.6900      0.2848      0.9250     24.9070     24.9070
   1   1      7.7000      0.2888      0.9355     25.0110     25.0110
   1   1      7.7100      0.2865      0.9256     25.1141     25.1141
   1   1      7.7200      0.2946      0.9494     25.2202     25.2202
   1   1      7.7300      0.2996      0.9629     25.3280     25.3280
   1   1      7.7400      0.3066      0.9828     25.4384     25.4384
   1   1      7.7500      0.3106      0.9931     25.5502     25.5502
   1   1      7.7600      0.3107      0.9911     25.6621     25.6621
   1   1      7.7700      0.3186      1.0136     25.7768     25.7768
   1   1      7.7800      0.3226      1.0236     25.8929     25.8929
   1   1      7.7900      0.3238      1.0248     26.0095     26.0095
   1   1      7.8000      0.3262      1.0298     26.1269     26.1269
   1   1      7.8100      0.3346      1.0537     26.2474     26.2474
   1   1      7.8200      0.3326      1.0447     26.3671     26.3671
   1   1      7.8300      0.3402      1.0657     26.4896     26.4896
   1   1      7.8400      0.3440      1.0749     26.6134     26.6134
   1   1      7.8500      0.3491      1.0881     26.7391     26.7391
   1   1      7.8600      0.3554      1.1049     26.8671     26.8671
   1   1      7.8700      0.3605      1.1179     26.9969     26.9969
   1   1      7.8800      0.3629      1.1224     27.1275     27.1275
   1   1      7.8900      0.3728      1.1503     27.2617     27.2617
   1   1      7.9000      0.3771      1.1603     27.3975     27.3975
   1   1      7.9100      0.3800      1.1663     27.5342     27.5342
   1   1      7.9200      0.3846      1.1776     27.6727     27.6727
   1   1      7.9300      0.3915      1.1958     27.8137     27.8137
   1   1      7.9400      0.3979      1.2120     27.9569     27.9569
   1   1      7.9500      0.4024      1.2227     28.1017     28.1017
   1   1      7.9600      0.4090      1.2398     28.2490     28.2490
   1   1      7.9700      0.4099      1.2393     28.3966     28.3966
   1   1      7.9800      0.4142      1.2491     28.5456     28.5456
   1   1      7.9900      0.4230      1.2725     28.6979     28.6979
   1   1      8.0000      0.4312      1.2940     28.8532     28.8532
   1   1      8.0100      0.4335      1.2976     29.0092     29.0092
