==============================================================================
    step     energy [au]    max displ    rms displ     max force     rms force
                              0.00010      0.00001      0.000010      0.000001
------------------------------------------------------------------------------
       0   -340.12064962      0.00000      0.00000      0.055942      0.002175
       1   -340.07145148      0.14289      0.00063      0.107646      0.004238
       2   -340.20700275      0.07943      0.00035      0.033099      0.001314
       3   -340.24952850      0.02983      0.00015      0.026781      0.001076
       4   -340.35576926      0.18672      0.00080      0.021709      0.000520
       5   -340.31595162      0.10095      0.00063      0.058675      0.001489
       6   -340.36161074      0.07490      0.00047      0.007193      0.000159
       7   -340.36214615      0.00919      0.00003      0.001741      0.000039
       8   -340.36218855      0.00224      0.00001      0.000715      0.000017
       9   -340.36220631      0.00208      0.00001      0.000549      0.000014
      10   -340.36222571      0.00359      0.00001      0.000604      0.000016
      11   -340.36223875      0.00728      0.00002      0.001013      0.000025
      12   -340.36225076      0.00133      0.00000      0.000374      0.000009
      13   -340.36225313      0.00067      0.00000      0.000117      0.000003
      14   -340.36225316      0.00108      0.00000      0.000727      0.000016
      15   -340.36225317      0.00094      0.00000      0.000337      0.000008
      16   -340.36225356      0.00054      0.00000      0.000194      0.000004
      17   -340.36225396      0.00045      0.00000      0.000173      0.000004
      18   -340.36225414      0.00017      0.00000      0.000089      0.000002
      19   -340.36225427      0.00009      0.00000      0.000041      0.000001
      20   -340.36225447      0.00024      0.00000      0.000049      0.000001
      21   -340.36225439      0.00011      0.00000      0.000079      0.000002
      22   -340.36225447      0.00010      0.00000      0.000056      0.000001
      23   -340.36225475      0.00067      0.00000      0.000138      0.000004
      24   -340.36225459      0.00053      0.00000      0.000144      0.000003
      25   -340.36225475      0.00032      0.00000      0.000093      0.000003
      26   -340.36225467      0.00021      0.00000      0.000110      0.000002
      27   -340.36225474      0.00014      0.00000      0.000065      0.000002
      28   -340.36225477      0.00014      0.00000      0.000103      0.000003
      29   -340.36225477      0.00009      0.00000      0.000055      0.000001
      30   -340.36225279      0.00118      0.00000      0.000360      0.000010
      31   -340.36225481      0.00101      0.00000      0.000199      0.000004
      32   -340.36225475      0.00018      0.00000      0.000108      0.000003
      33   -340.36225481      0.00012      0.00000      0.000102      0.000002
      34   -340.36224476      0.00251      0.00001      0.000770      0.000020
      35   -340.36225473      0.00236      0.00001      0.000109      0.000003
      36   -340.36225481      0.00012      0.00000      0.000070      0.000002
      37   -340.36225481      0.00002      0.00000      0.000066      0.000002
      38   -340.36225484      0.00003      0.00000      0.000047      0.000001
      39   -340.36225488      0.00004      0.00000      0.000023      0.000001
      40   -340.36225489      0.00002      0.00000      0.000013      0.000000
      41   -340.36225492      0.00004      0.00000      0.000019      0.000001
      42   -340.36225491      0.00002      0.00000      0.000019      0.000001
      43   -340.36225492      0.00001      0.00000      0.000020      0.000001
      44   -340.36225492      0.00002      0.00000      0.000024      0.000001
      45   -340.36225492      0.00000      0.00000      0.000022      0.000001
      46   -340.36225493      0.00002      0.00000      0.000028      0.000001
      47   -340.36225493      0.00001      0.00000      0.000020      0.000001
      48   -340.36225495      0.00006      0.00000      0.000033      0.000001
      49   -340.36225494      0.00004      0.00000      0.000030      0.000001
      50   -340.36225495      0.00003      0.00000      0.000019      0.000001
      51   -340.36225496      0.00002      0.00000      0.000021      0.000000
      52   -340.36225498      0.00003      0.00000      0.000016      0.000000
      53   -340.36225497      0.00002      0.00000      0.000027      0.000001
      54   -340.36225498      0.00002      0.00000      0.000016      0.000000
      55   -340.36225498      0.00000      0.00000      0.000020      0.000001
      56   -340.36225498      0.00003      0.00000      0.000044      0.000001
      57   -340.36225498      0.00002      0.00000      0.000021      0.000001
      58   -340.36225498      0.00001      0.00000      0.000019      0.000001
      59   -340.36225499      0.00000      0.00000      0.000020      0.000001
      60   -340.36225499      0.00002      0.00000      0.000025      0.000001
      61   -340.36225499      0.00001      0.00000      0.000020      0.000001
      62   -340.36225500      0.00002      0.00000      0.000015      0.000000
      63   -340.36225501      0.00001      0.00000      0.000008      0.000000
